Log file open, 06/09/15 19:16:01
LogInit:Display: Running engine for game: ImaginaryFriendDemo
LogInit: Version: 4.7.6-2513093+++depot+UE4-Releases+4.7
LogInit: API Version: 2455222
LogInit: Compiled (64-bit): Apr 15 2015 12:09:54
LogInit: Compiled with Visual C++: 18.00.21005.01
LogInit: Build Configuration: Development
LogInit: Branch Name: ++depot+UE4-Releases+4.7
LogInit: Command line: 
LogInit: Base directory: C:/Program Files/Epic Games/4.7/Engine/Binaries/Win64/
LogInit: Rocket: 1
[2015.06.10-02.16.01:241][  0]LogTaskGraph: Started task graph with 3 named threads and 8 total threads.
[2015.06.10-02.16.01:335][  0]LogOnline:Warning: No default platform service specified for OnlineSubsystem
[2015.06.10-02.16.01:350][  0]LogInit: Presizing for 0 objects not considered by GC, pre-allocating 0 bytes.
[2015.06.10-02.16.01:362][  0]LogInit: Object subsystem initialized
[2015.06.10-02.16.01:364][  0]LogConsoleResponse:Warning: Skipping Unknown console variable: 'TranslucentSortAxis = (X=0.000000,Y=-1.000000,Z=0.000000)'
[2015.06.10-02.16.01:364][  0]LogConsoleResponse:Warning:   Found in ini file 'C:/Users/Ryan/Documents/GitHub/ImaginaryFriend2/ImaginaryFriendDemo/Saved/Config/Windows/Engine.ini', in section '[/Script/Engine.RendererSettings]'
[2015.06.10-02.16.01:364][  0]LogConsoleResponse:Warning: Skipping Unknown console variable: 'UIScaleRule = ShortestSide'
[2015.06.10-02.16.01:364][  0]LogConsoleResponse:Warning:   Found in ini file 'C:/Users/Ryan/Documents/GitHub/ImaginaryFriend2/ImaginaryFriendDemo/Saved/Config/Windows/Engine.ini', in section '[/Script/Engine.RendererSettings]'
[2015.06.10-02.16.01:364][  0]LogConsoleResponse:Warning: Skipping Unknown console variable: 'UIScaleCurve = (EditorCurveData=(Keys=),ExternalCurve=None)'
[2015.06.10-02.16.01:364][  0]LogConsoleResponse:Warning:   Found in ini file 'C:/Users/Ryan/Documents/GitHub/ImaginaryFriend2/ImaginaryFriendDemo/Saved/Config/Windows/Engine.ini', in section '[/Script/Engine.RendererSettings]'
[2015.06.10-02.16.01:365][  0]LogInit: Selected Device Profile: [Windows]
[2015.06.10-02.16.01:365][  0]LogInit: Applying CVar settings loaded from the selected device profile: [Windows]
[2015.06.10-02.16.01:377][  0]LogInit: Computer: KAPSAR
[2015.06.10-02.16.01:377][  0]LogInit: User: Ryan
[2015.06.10-02.16.01:377][  0]LogInit: CPU Page size=4096, Cores=6
[2015.06.10-02.16.01:377][  0]LogInit: High frequency timer resolution =3.222660 MHz
[2015.06.10-02.16.01:377][  0]LogMemory: Memory total: Physical=15.8GB (16GB approx) Virtual=131072.0GB
[2015.06.10-02.16.01:377][  0]LogMemory: Platform Memory Stats for Windows
[2015.06.10-02.16.01:377][  0]LogMemory: Process Physical Memory: 47.94 MB used, 47.94 MB peak
[2015.06.10-02.16.01:377][  0]LogMemory: Process Virtual Memory: 24.64 MB used, 26.95 MB peak
[2015.06.10-02.16.01:377][  0]LogMemory: Physical Memory: 3760.52 MB used, 16211.64 MB total
[2015.06.10-02.16.01:377][  0]LogMemory: Virtual Memory: 288.47 MB used, 134217728.00 MB total
[2015.06.10-02.16.01:406][  0]LogD3D11RHI: Found D3D11 adapter 0: NVIDIA GeForce GTX 780 (Feature Level 11_0)
[2015.06.10-02.16.01:406][  0]LogD3D11RHI: Adapter has 2982MB of dedicated video memory, 0MB of dedicated system memory, and 8105MB of shared system memory, 2 output[s]
[2015.06.10-02.16.01:409][  0]LogD3D11RHI: Found D3D11 adapter 1: Microsoft Basic Render Driver (Feature Level 11_0)
[2015.06.10-02.16.01:409][  0]LogD3D11RHI: Adapter has 0MB of dedicated video memory, 0MB of dedicated system memory, and 256MB of shared system memory, 0 output[s]
[2015.06.10-02.16.01:409][  0]LogD3D11RHI: Chosen D3D11 Adapter Id = 0
[2015.06.10-02.16.01:416][  0]LogRHI: Texture pool is 1361 MB (70% of 1945 MB)
[2015.06.10-02.16.01:434][  0]LogD3D11RHI: Async texture creation enabled
[2015.06.10-02.16.01:500][  0]LogTextLocalizationManager: The requested culture ('en_US') has no localization data; parent culture's ('en') localization data will be used.
[2015.06.10-02.16.01:577][  0]LogTextLocalizationManager:Warning: Loading localization resources contain conflicting entries for (Namespace:UICommands, Key:Save_ToolTip):
Resource: (C:/Program Files/Epic Games/4.7/Engine/Content/Localization/Editor/en/Editor.locres) Hash: (-29098895) String: (Saves the current level to disk)
Resource: (C:/Program Files/Epic Games/4.7/Engine/Content/Localization/Engine/en/Engine.locres) Hash: (-1280300587) String: (Save selected data to vlog file)
[2015.06.10-02.16.01:577][  0]LogTextLocalizationManager:Warning: Loading localization resources contain conflicting entries for (Namespace:ContentBrowser, Key:ImportAssetToolTip):
Resource: (C:/Program Files/Epic Games/4.7/Engine/Content/Localization/Editor/en/Editor.locres) Hash: (-630476809) String: (Import to {0}...)
Resource: (C:/Program Files/Epic Games/4.7/Engine/Content/Localization/Editor/en/Editor.locres) Hash: (1271782899) String: (Imports an asset from file to this folder.)
[2015.06.10-02.16.01:665][  0]LogContentStreaming: Texture pool size is 0.000000MB
[2015.06.10-02.16.04:081][  0]LogTargetPlatformManager:Display: Building Assets For Windows
[2015.06.10-02.16.04:642][  0]LogTargetPlatformManager:Display: Building Assets For Windows
[2015.06.10-02.16.04:699][  0]LogDerivedDataCache:Display: Max Cache Size: 512 MB
[2015.06.10-02.16.04:742][  0]LogDerivedDataCache: Loaded boot cache 0.04s 39MB C:/Users/Ryan/AppData/Local/UnrealEngine/4.7/DerivedDataCache/Boot.ddc.
[2015.06.10-02.16.04:742][  0]LogDerivedDataCache:Display: Loaded Boot cache: C:/Users/Ryan/AppData/Local/UnrealEngine/4.7/DerivedDataCache/Boot.ddc
[2015.06.10-02.16.04:742][  0]LogDerivedDataCache: FDerivedDataBackendGraph:  Pak pak cache file ../../../../../../Users/Ryan/Documents/GitHub/ImaginaryFriend2/ImaginaryFriendDemo/DerivedDataCache/DDC.ddp not found, will not use a pak cache.
[2015.06.10-02.16.04:742][  0]LogDerivedDataCache: Unable to find inner node Pak for hierarchical cache Hierarchy.
[2015.06.10-02.16.04:853][  0]LogDerivedDataCache:Display: Pak cache opened for reading ../../../Engine/DerivedDataCache/Compressed.ddp.
[2015.06.10-02.16.04:866][  0]LogDerivedDataCache: Using Local data cache path C:/Users/Ryan/AppData/Local/UnrealEngine/Common/DerivedDataCache: Writable
[2015.06.10-02.16.05:166][  0]LogMeshUtilities: No automatic mesh reduction module available
[2015.06.10-02.16.05:166][  0]LogMeshUtilities: No automatic mesh merging module available
[2015.06.10-02.16.05:528][  0]LogInit: WinSock: version 1.1 (2.2), MaxSocks=32767, MaxUdp=65467
[2015.06.10-02.16.05:596][  0]LogSlate:Warning: Failed to load font data from '../../../Engine/Content/Slate/Fonts/Roboto-Italic.ttf'
[2015.06.10-02.16.06:348][  0]UdpMessaging: Initializing bridge on interface 0.0.0.0:0 to multicast group 230.0.0.1:6666.
[2015.06.10-02.16.06:580][  0]SourceControl: Info Source control is disabled
[2015.06.10-02.16.06:580][  0]SourceControl: Info Source control is disabled
[2015.06.10-02.16.06:580][  0]SourceControl: Info Source control is disabled
[2015.06.10-02.16.06:587][  0]SourceControl: Info Source control is disabled
[2015.06.10-02.16.06:766][  0]LogObj: 24232 objects as part of root set at end of initial load.
[2015.06.10-02.16.06:766][  0]LogUObjectAllocator: 5137176 out of 0 bytes used by permanent object pool.
[2015.06.10-02.16.06:848][  0]LogEngine: Initializing Engine...
[2015.06.10-02.16.10:038][  0]LogInit: XAudio2 using 'Speakers (Realtek High Definition Audio)' : 2 channels at 48 kHz using 32 bits per sample (channel mask 0x3)
[2015.06.10-02.16.10:049][  0]LogInit: FAudioDevice initialized.
[2015.06.10-02.16.10:084][  0]LogAIModule: Creating AISystem for world NewWorld
[2015.06.10-02.16.10:106][  0]LogDerivedDataCache: Saved boot cache 0.02s 39MB C:/Users/Ryan/AppData/Local/UnrealEngine/4.7/DerivedDataCache/Boot.ddc.
[2015.06.10-02.16.10:112][  0]LogInit: Texture streaming: Enabled
[2015.06.10-02.16.10:221][  0]LogAnalytics: Creating configured Analytics provider AnalyticsET
[2015.06.10-02.16.10:221][  0]LogAnalytics: ET APIKey = Rocket.Release. APIServer = http://et2.epicgames.com/ET2/. AppVersion = 4.7.6-2513093+++depot+UE4-Releases+4.7
[2015.06.10-02.16.10:221][  0]LogAnalytics: ET APIKey = Rocket.Release. DataRouterUploadURL = https://datarouter-public-service-gamedev.ol.epicgames.net/datarouter/api/v1/public/data. AppVersion = 4.7.6-2513093+++depot+UE4-Releases+4.7
[2015.06.10-02.16.10:221][  0]LogAnalytics: SetUserId 14300970434819e2697031921c0fc781|221d59852a324c649b2859fb4c87cd30|36051f9f-f958-49fb-9e26-fa6841c7f0c5
[2015.06.10-02.16.10:222][  0]LogAnalytics: AnalyticsET::StartSession [Rocket.Release]
[2015.06.10-02.16.10:247][  0]LogInit: Transaction tracking system initialized
[2015.06.10-02.16.10:416][  0]BlueprintLog: New page: Editor Load
[2015.06.10-02.16.10:453][  0]LogAssetRegistry: FAssetRegistry took 0.0103 seconds to start up
[2015.06.10-02.16.10:453][  0]LogDirectoryWatcher:Warning: Failed to begin reading directory changes for ../../../Engine/Plugins/Experimental/CharacterAI/Content/. Error: 0
[2015.06.10-02.16.10:987][  0]LogTargetPlatformManager:Display: Building Assets For Windows
[2015.06.10-02.16.11:348][  0]LogTargetPlatformManager:Display: Building Assets For Windows
[2015.06.10-02.16.11:646][  0]LogSlate:Warning: Failed to load font data from '../../../Engine/Content/Editor/Slate/Fonts/Roboto-Regular.ttf'
[2015.06.10-02.16.11:646][  0]LogSlate:Warning: Failed to load font data from '../../../Engine/Content/Editor/Slate/Fonts/Roboto-Bold.ttf'
[2015.06.10-02.16.11:650][  0]LogConsoleResponse:Display: 
[2015.06.10-02.16.11:766][  0]LogCook:Display: Done creating registry. It took  0.00s.
[2015.06.10-02.16.11:893][  0]SourceControl: Info Source control is disabled
[2015.06.10-02.16.11:893][  0]Cmd: MAP LOAD FILE="../../../../../../Users/Ryan/Documents/GitHub/ImaginaryFriend2/ImaginaryFriendDemo/Content/ThirdPersonBP/Maps/ThirdPersonExampleMap.umap" TEMPLATE=0 SHOWPROGRESS=1 FEATURELEVEL=3
[2015.06.10-02.16.11:896][  0]LightingResults: New page: Lighting Build
[2015.06.10-02.16.11:908][  0]MapCheck: New page: Map Check
[2015.06.10-02.16.11:908][  0]LightingResults: New page: Lighting Build
[2015.06.10-02.16.11:914][  0]LogParticles: Destroying 0 GPU particle simulations for FXSystem 0x0000000E4ACDE980
[2015.06.10-02.16.18:743][  0]LogLinker:Warning: Asset '../../../Engine/Content/EngineMeshes/Humanoid.uasset' has been saved with empty engine version. The asset will be loaded but may be incompatible.
[2015.06.10-02.16.20:473][  0]LogAnimation:Warning: UAnimMontage::PostLoad: The actual sequence length for montage AM_Player_Death does not match the length stored in the asset, please resave the montage asset.
[2015.06.10-02.16.20:475][  0]LogAnimation:Warning: UAnimMontage::PostLoad: The actual sequence length for montage AM_Player_Sprint_Attack does not match the length stored in the asset, please resave the montage asset.
[2015.06.10-02.16.20:730][  0]LogSkinnedMeshComp:Warning: GetSocketByName(): No SkeletalMesh for CharacterMesh0
[2015.06.10-02.16.20:730][  0]LogSkinnedMeshComp:Warning: GetSocketByName(): No SkeletalMesh for CharacterMesh0
[2015.06.10-02.16.20:730][  0]LogSkinnedMeshComp:Warning: GetSocketByName(): No SkeletalMesh for CharacterMesh0
[2015.06.10-02.16.20:730][  0]LogSkinnedMeshComp:Warning: GetSocketByName(): No SkeletalMesh for CharacterMesh0
[2015.06.10-02.16.20:730][  0]LogSkinnedMeshComp:Warning: GetSocketByName(): No SkeletalMesh for CharacterMesh0
[2015.06.10-02.16.20:730][  0]LogSkinnedMeshComp:Warning: GetSocketByName(): No SkeletalMesh for CharacterMesh0
[2015.06.10-02.16.20:731][  0]LogSkinnedMeshComp:Warning: GetSocketByName(): No SkeletalMesh for CharacterMesh0
[2015.06.10-02.16.20:731][  0]LogSkinnedMeshComp:Warning: GetSocketByName(): No SkeletalMesh for CharacterMesh0
[2015.06.10-02.16.20:733][  0]LogSkinnedMeshComp:Warning: GetSocketByName(): No SkeletalMesh for CharacterMesh0
[2015.06.10-02.16.20:733][  0]LogSkinnedMeshComp:Warning: GetSocketByName(): No SkeletalMesh for CharacterMesh0
[2015.06.10-02.16.20:733][  0]LogSkinnedMeshComp:Warning: GetSocketByName(): No SkeletalMesh for CharacterMesh0
[2015.06.10-02.16.20:733][  0]LogSkinnedMeshComp:Warning: GetSocketByName(): No SkeletalMesh for CharacterMesh0
[2015.06.10-02.16.20:733][  0]LogSkinnedMeshComp:Warning: GetSocketByName(): No SkeletalMesh for CharacterMesh0
[2015.06.10-02.16.20:733][  0]LogSkinnedMeshComp:Warning: GetSocketByName(): No SkeletalMesh for CharacterMesh0
[2015.06.10-02.16.20:734][  0]LogSkinnedMeshComp:Warning: GetSocketByName(): No SkeletalMesh for CharacterMesh0
[2015.06.10-02.16.20:734][  0]LogSkinnedMeshComp:Warning: GetSocketByName(): No SkeletalMesh for CharacterMesh0
[2015.06.10-02.16.20:735][  0]LogSkinnedMeshComp:Warning: GetSocketByName(): No SkeletalMesh for CharacterMesh0
[2015.06.10-02.16.20:735][  0]LogSkinnedMeshComp:Warning: GetSocketByName(): No SkeletalMesh for CharacterMesh0
[2015.06.10-02.16.20:735][  0]LogSkinnedMeshComp:Warning: GetSocketByName(): No SkeletalMesh for CharacterMesh0
[2015.06.10-02.16.20:735][  0]LogSkinnedMeshComp:Warning: GetSocketByName(): No SkeletalMesh for CharacterMesh0
[2015.06.10-02.16.20:735][  0]LogSkinnedMeshComp:Warning: GetSocketByName(): No SkeletalMesh for CharacterMesh0
[2015.06.10-02.16.20:735][  0]LogSkinnedMeshComp:Warning: GetSocketByName(): No SkeletalMesh for CharacterMesh0
[2015.06.10-02.16.20:735][  0]LogSkinnedMeshComp:Warning: GetSocketByName(): No SkeletalMesh for CharacterMesh0
[2015.06.10-02.16.20:735][  0]LogSkinnedMeshComp:Warning: GetSocketByName(): No SkeletalMesh for CharacterMesh0
[2015.06.10-02.16.20:736][  0]LogSkinnedMeshComp:Warning: GetSocketByName(): No SkeletalMesh for CharacterMesh0
[2015.06.10-02.16.20:737][  0]LogSkinnedMeshComp:Warning: GetSocketByName(): No SkeletalMesh for CharacterMesh0
[2015.06.10-02.16.20:737][  0]LogSkinnedMeshComp:Warning: GetSocketByName(): No SkeletalMesh for CharacterMesh0
[2015.06.10-02.16.20:737][  0]LogSkinnedMeshComp:Warning: GetSocketByName(): No SkeletalMesh for CharacterMesh0
[2015.06.10-02.16.20:737][  0]LogSkinnedMeshComp:Warning: GetSocketByName(): No SkeletalMesh for CharacterMesh0
[2015.06.10-02.16.20:737][  0]LogSkinnedMeshComp:Warning: GetSocketByName(): No SkeletalMesh for CharacterMesh0
[2015.06.10-02.16.20:737][  0]LogSkinnedMeshComp:Warning: GetSocketByName(): No SkeletalMesh for CharacterMesh0
[2015.06.10-02.16.20:737][  0]LogSkinnedMeshComp:Warning: GetSocketByName(): No SkeletalMesh for CharacterMesh0
[2015.06.10-02.16.20:738][  0]LogSkinnedMeshComp:Warning: GetSocketByName(): No SkeletalMesh for CharacterMesh0
[2015.06.10-02.16.20:738][  0]LogSkinnedMeshComp:Warning: GetSocketByName(): No SkeletalMesh for CharacterMesh0
[2015.06.10-02.16.20:738][  0]LogSkinnedMeshComp:Warning: GetSocketByName(): No SkeletalMesh for CharacterMesh0
[2015.06.10-02.16.20:738][  0]LogSkinnedMeshComp:Warning: GetSocketByName(): No SkeletalMesh for CharacterMesh0
[2015.06.10-02.16.20:739][  0]LogSkinnedMeshComp:Warning: GetSocketByName(): No SkeletalMesh for CharacterMesh0
[2015.06.10-02.16.20:739][  0]LogSkinnedMeshComp:Warning: GetSocketByName(): No SkeletalMesh for CharacterMesh0
[2015.06.10-02.16.20:739][  0]LogSkinnedMeshComp:Warning: GetSocketByName(): No SkeletalMesh for CharacterMesh0
[2015.06.10-02.16.20:739][  0]LogSkinnedMeshComp:Warning: GetSocketByName(): No SkeletalMesh for CharacterMesh0
[2015.06.10-02.16.20:741][  0]LogSkinnedMeshComp:Warning: GetSocketByName(): No SkeletalMesh for CharacterMesh0
[2015.06.10-02.16.20:741][  0]LogSkinnedMeshComp:Warning: GetSocketByName(): No SkeletalMesh for CharacterMesh0
[2015.06.10-02.16.20:741][  0]LogSkinnedMeshComp:Warning: GetSocketByName(): No SkeletalMesh for CharacterMesh0
[2015.06.10-02.16.20:741][  0]LogSkinnedMeshComp:Warning: GetSocketByName(): No SkeletalMesh for CharacterMesh0
[2015.06.10-02.16.20:741][  0]LogSkinnedMeshComp:Warning: GetSocketByName(): No SkeletalMesh for CharacterMesh0
[2015.06.10-02.16.20:741][  0]LogSkinnedMeshComp:Warning: GetSocketByName(): No SkeletalMesh for CharacterMesh0
[2015.06.10-02.16.20:741][  0]LogSkinnedMeshComp:Warning: GetSocketByName(): No SkeletalMesh for CharacterMesh0
[2015.06.10-02.16.20:741][  0]LogSkinnedMeshComp:Warning: GetSocketByName(): No SkeletalMesh for CharacterMesh0
[2015.06.10-02.16.20:742][  0]LogSkinnedMeshComp:Warning: GetSocketByName(): No SkeletalMesh for CharacterMesh0
[2015.06.10-02.16.20:742][  0]LogSkinnedMeshComp:Warning: GetSocketByName(): No SkeletalMesh for CharacterMesh0
[2015.06.10-02.16.20:743][  0]LogSkinnedMeshComp:Warning: GetSocketByName(): No SkeletalMesh for CharacterMesh0
[2015.06.10-02.16.20:743][  0]LogSkinnedMeshComp:Warning: GetSocketByName(): No SkeletalMesh for CharacterMesh0
[2015.06.10-02.16.20:743][  0]LogSkinnedMeshComp:Warning: GetSocketByName(): No SkeletalMesh for CharacterMesh0
[2015.06.10-02.16.20:743][  0]LogSkinnedMeshComp:Warning: GetSocketByName(): No SkeletalMesh for CharacterMesh0
[2015.06.10-02.16.20:743][  0]LogSkinnedMeshComp:Warning: GetSocketByName(): No SkeletalMesh for CharacterMesh0
[2015.06.10-02.16.20:743][  0]LogSkinnedMeshComp:Warning: GetSocketByName(): No SkeletalMesh for CharacterMesh0
[2015.06.10-02.16.20:744][  0]LogSkinnedMeshComp:Warning: GetSocketByName(): No SkeletalMesh for CharacterMesh0
[2015.06.10-02.16.20:744][  0]LogSkinnedMeshComp:Warning: GetSocketByName(): No SkeletalMesh for CharacterMesh0
[2015.06.10-02.16.20:744][  0]LogSkinnedMeshComp:Warning: GetSocketByName(): No SkeletalMesh for CharacterMesh0
[2015.06.10-02.16.20:744][  0]LogSkinnedMeshComp:Warning: GetSocketByName(): No SkeletalMesh for CharacterMesh0
[2015.06.10-02.16.20:744][  0]LogSkinnedMeshComp:Warning: GetSocketByName(): No SkeletalMesh for CharacterMesh0
[2015.06.10-02.16.20:744][  0]LogSkinnedMeshComp:Warning: GetSocketByName(): No SkeletalMesh for CharacterMesh0
[2015.06.10-02.16.20:745][  0]LogSkinnedMeshComp:Warning: GetSocketByName(): No SkeletalMesh for CharacterMesh0
[2015.06.10-02.16.20:745][  0]LogSkinnedMeshComp:Warning: GetSocketByName(): No SkeletalMesh for CharacterMesh0
[2015.06.10-02.16.20:746][  0]LogSkinnedMeshComp:Warning: GetSocketByName(): No SkeletalMesh for CharacterMesh0
[2015.06.10-02.16.20:746][  0]LogSkinnedMeshComp:Warning: GetSocketByName(): No SkeletalMesh for CharacterMesh0
[2015.06.10-02.16.20:746][  0]LogSkinnedMeshComp:Warning: GetSocketByName(): No SkeletalMesh for CharacterMesh0
[2015.06.10-02.16.20:746][  0]LogSkinnedMeshComp:Warning: GetSocketByName(): No SkeletalMesh for CharacterMesh0
[2015.06.10-02.16.20:746][  0]LogSkinnedMeshComp:Warning: GetSocketByName(): No SkeletalMesh for CharacterMesh0
[2015.06.10-02.16.20:746][  0]LogSkinnedMeshComp:Warning: GetSocketByName(): No SkeletalMesh for CharacterMesh0
[2015.06.10-02.16.20:746][  0]LogSkinnedMeshComp:Warning: GetSocketByName(): No SkeletalMesh for CharacterMesh0
[2015.06.10-02.16.20:746][  0]LogSkinnedMeshComp:Warning: GetSocketByName(): No SkeletalMesh for CharacterMesh0
[2015.06.10-02.16.20:748][  0]LogSkinnedMeshComp:Warning: GetSocketByName(): No SkeletalMesh for CharacterMesh0
[2015.06.10-02.16.20:748][  0]LogSkinnedMeshComp:Warning: GetSocketByName(): No SkeletalMesh for CharacterMesh0
[2015.06.10-02.16.20:748][  0]LogSkinnedMeshComp:Warning: GetSocketByName(): No SkeletalMesh for CharacterMesh0
[2015.06.10-02.16.20:748][  0]LogSkinnedMeshComp:Warning: GetSocketByName(): No SkeletalMesh for CharacterMesh0
[2015.06.10-02.16.20:748][  0]LogSkinnedMeshComp:Warning: GetSocketByName(): No SkeletalMesh for CharacterMesh0
[2015.06.10-02.16.20:748][  0]LogSkinnedMeshComp:Warning: GetSocketByName(): No SkeletalMesh for CharacterMesh0
[2015.06.10-02.16.20:748][  0]LogSkinnedMeshComp:Warning: GetSocketByName(): No SkeletalMesh for CharacterMesh0
[2015.06.10-02.16.20:748][  0]LogSkinnedMeshComp:Warning: GetSocketByName(): No SkeletalMesh for CharacterMesh0
[2015.06.10-02.16.20:749][  0]LogPrimitiveComponent:Warning: CreateDynamicMaterialInstance on /Game/ThirdPersonBP/Maps/ThirdPersonExampleMap.ThirdPersonExampleMap:PersistentLevel.BP_Player_Character_Pawn_Enemy_C_1.CharacterMesh0: Material index 0 is invalid.
[2015.06.10-02.16.20:749][  0]LogSkinnedMeshComp:Warning: GetSocketByName(): No SkeletalMesh for CharacterMesh0
[2015.06.10-02.16.20:749][  0]LogSkinnedMeshComp:Warning: GetSocketByName(): No SkeletalMesh for CharacterMesh0
[2015.06.10-02.16.20:749][  0]LogSkinnedMeshComp:Warning: GetSocketByName(): No SkeletalMesh for CharacterMesh0
[2015.06.10-02.16.20:749][  0]LogSkinnedMeshComp:Warning: GetSocketByName(): No SkeletalMesh for CharacterMesh0
[2015.06.10-02.16.20:750][  0]LogSkinnedMeshComp:Warning: GetSocketByName(): No SkeletalMesh for CharacterMesh0
[2015.06.10-02.16.20:750][  0]LogSkinnedMeshComp:Warning: GetSocketByName(): No SkeletalMesh for CharacterMesh0
[2015.06.10-02.16.20:750][  0]LogSkinnedMeshComp:Warning: GetSocketByName(): No SkeletalMesh for CharacterMesh0
[2015.06.10-02.16.20:750][  0]LogSkinnedMeshComp:Warning: GetSocketByName(): No SkeletalMesh for CharacterMesh0
[2015.06.10-02.16.20:750][  0]LogPrimitiveComponent:Warning: CreateDynamicMaterialInstance on /Game/ThirdPersonBP/Maps/ThirdPersonExampleMap.ThirdPersonExampleMap:PersistentLevel.BP_Player_Character_Pawn_Enemy_C_2.CharacterMesh0: Material index 0 is invalid.
[2015.06.10-02.16.20:751][  0]LogSkinnedMeshComp:Warning: GetSocketByName(): No SkeletalMesh for CharacterMesh0
[2015.06.10-02.16.20:751][  0]LogSkinnedMeshComp:Warning: GetSocketByName(): No SkeletalMesh for CharacterMesh0
[2015.06.10-02.16.20:751][  0]LogSkinnedMeshComp:Warning: GetSocketByName(): No SkeletalMesh for CharacterMesh0
[2015.06.10-02.16.20:751][  0]LogSkinnedMeshComp:Warning: GetSocketByName(): No SkeletalMesh for CharacterMesh0
[2015.06.10-02.16.20:751][  0]LogSkinnedMeshComp:Warning: GetSocketByName(): No SkeletalMesh for CharacterMesh0
[2015.06.10-02.16.20:751][  0]LogSkinnedMeshComp:Warning: GetSocketByName(): No SkeletalMesh for CharacterMesh0
[2015.06.10-02.16.20:751][  0]LogSkinnedMeshComp:Warning: GetSocketByName(): No SkeletalMesh for CharacterMesh0
[2015.06.10-02.16.20:751][  0]LogSkinnedMeshComp:Warning: GetSocketByName(): No SkeletalMesh for CharacterMesh0
[2015.06.10-02.16.20:752][  0]LogPrimitiveComponent:Warning: CreateDynamicMaterialInstance on /Game/ThirdPersonBP/Maps/ThirdPersonExampleMap.ThirdPersonExampleMap:PersistentLevel.BP_Player_Character_Pawn_Enemy_C_3.CharacterMesh0: Material index 0 is invalid.
[2015.06.10-02.16.20:752][  0]LogSkinnedMeshComp:Warning: GetSocketByName(): No SkeletalMesh for CharacterMesh0
[2015.06.10-02.16.20:752][  0]LogSkinnedMeshComp:Warning: GetSocketByName(): No SkeletalMesh for CharacterMesh0
[2015.06.10-02.16.20:752][  0]LogSkinnedMeshComp:Warning: GetSocketByName(): No SkeletalMesh for CharacterMesh0
[2015.06.10-02.16.20:752][  0]LogSkinnedMeshComp:Warning: GetSocketByName(): No SkeletalMesh for CharacterMesh0
[2015.06.10-02.16.20:752][  0]LogSkinnedMeshComp:Warning: GetSocketByName(): No SkeletalMesh for CharacterMesh0
[2015.06.10-02.16.20:752][  0]LogSkinnedMeshComp:Warning: GetSocketByName(): No SkeletalMesh for CharacterMesh0
[2015.06.10-02.16.20:752][  0]LogSkinnedMeshComp:Warning: GetSocketByName(): No SkeletalMesh for CharacterMesh0
[2015.06.10-02.16.20:752][  0]LogSkinnedMeshComp:Warning: GetSocketByName(): No SkeletalMesh for CharacterMesh0
[2015.06.10-02.16.20:753][  0]LogPrimitiveComponent:Warning: CreateDynamicMaterialInstance on /Game/ThirdPersonBP/Maps/ThirdPersonExampleMap.ThirdPersonExampleMap:PersistentLevel.BP_Player_Character_Pawn_Enemy_C_4.CharacterMesh0: Material index 0 is invalid.
[2015.06.10-02.16.20:753][  0]LogSkinnedMeshComp:Warning: GetSocketByName(): No SkeletalMesh for CharacterMesh0
[2015.06.10-02.16.20:753][  0]LogSkinnedMeshComp:Warning: GetSocketByName(): No SkeletalMesh for CharacterMesh0
[2015.06.10-02.16.20:753][  0]LogSkinnedMeshComp:Warning: GetSocketByName(): No SkeletalMesh for CharacterMesh0
[2015.06.10-02.16.20:753][  0]LogSkinnedMeshComp:Warning: GetSocketByName(): No SkeletalMesh for CharacterMesh0
[2015.06.10-02.16.20:754][  0]LogSkinnedMeshComp:Warning: GetSocketByName(): No SkeletalMesh for CharacterMesh0
[2015.06.10-02.16.20:754][  0]LogSkinnedMeshComp:Warning: GetSocketByName(): No SkeletalMesh for CharacterMesh0
[2015.06.10-02.16.20:754][  0]LogSkinnedMeshComp:Warning: GetSocketByName(): No SkeletalMesh for CharacterMesh0
[2015.06.10-02.16.20:754][  0]LogSkinnedMeshComp:Warning: GetSocketByName(): No SkeletalMesh for CharacterMesh0
[2015.06.10-02.16.20:754][  0]LogPrimitiveComponent:Warning: CreateDynamicMaterialInstance on /Game/ThirdPersonBP/Maps/ThirdPersonExampleMap.ThirdPersonExampleMap:PersistentLevel.BP_Player_Character_Pawn_Enemy_C_5.CharacterMesh0: Material index 0 is invalid.
[2015.06.10-02.16.20:755][  0]LogSkinnedMeshComp:Warning: GetSocketByName(): No SkeletalMesh for CharacterMesh0
[2015.06.10-02.16.20:755][  0]LogSkinnedMeshComp:Warning: GetSocketByName(): No SkeletalMesh for CharacterMesh0
[2015.06.10-02.16.20:756][  0]LogSkinnedMeshComp:Warning: GetSocketByName(): No SkeletalMesh for CharacterMesh0
[2015.06.10-02.16.20:756][  0]LogSkinnedMeshComp:Warning: GetSocketByName(): No SkeletalMesh for CharacterMesh0
[2015.06.10-02.16.20:757][  0]LogSkinnedMeshComp:Warning: GetSocketByName(): No SkeletalMesh for CharacterMesh0
[2015.06.10-02.16.20:757][  0]LogSkinnedMeshComp:Warning: GetSocketByName(): No SkeletalMesh for CharacterMesh0
[2015.06.10-02.16.20:757][  0]LogSkinnedMeshComp:Warning: GetSocketByName(): No SkeletalMesh for CharacterMesh0
[2015.06.10-02.16.20:757][  0]LogSkinnedMeshComp:Warning: GetSocketByName(): No SkeletalMesh for CharacterMesh0
[2015.06.10-02.16.20:758][  0]LogPrimitiveComponent:Warning: CreateDynamicMaterialInstance on /Game/ThirdPersonBP/Maps/ThirdPersonExampleMap.ThirdPersonExampleMap:PersistentLevel.BP_Player_Character_Pawn_Enemy_C_6.CharacterMesh0: Material index 0 is invalid.
[2015.06.10-02.16.20:759][  0]LogSkinnedMeshComp:Warning: GetSocketByName(): No SkeletalMesh for CharacterMesh0
[2015.06.10-02.16.20:759][  0]LogSkinnedMeshComp:Warning: GetSocketByName(): No SkeletalMesh for CharacterMesh0
[2015.06.10-02.16.20:760][  0]LogSkinnedMeshComp:Warning: GetSocketByName(): No SkeletalMesh for CharacterMesh0
[2015.06.10-02.16.20:760][  0]LogSkinnedMeshComp:Warning: GetSocketByName(): No SkeletalMesh for CharacterMesh0
[2015.06.10-02.16.20:761][  0]LogSkinnedMeshComp:Warning: GetSocketByName(): No SkeletalMesh for CharacterMesh0
[2015.06.10-02.16.20:761][  0]LogSkinnedMeshComp:Warning: GetSocketByName(): No SkeletalMesh for CharacterMesh0
[2015.06.10-02.16.20:761][  0]LogSkinnedMeshComp:Warning: GetSocketByName(): No SkeletalMesh for CharacterMesh0
[2015.06.10-02.16.20:761][  0]LogSkinnedMeshComp:Warning: GetSocketByName(): No SkeletalMesh for CharacterMesh0
[2015.06.10-02.16.20:762][  0]LogPrimitiveComponent:Warning: CreateDynamicMaterialInstance on /Game/ThirdPersonBP/Maps/ThirdPersonExampleMap.ThirdPersonExampleMap:PersistentLevel.BP_Player_Character_Pawn_Enemy_C_7.CharacterMesh0: Material index 0 is invalid.
[2015.06.10-02.16.20:763][  0]LogSkinnedMeshComp:Warning: GetSocketByName(): No SkeletalMesh for CharacterMesh0
[2015.06.10-02.16.20:763][  0]LogSkinnedMeshComp:Warning: GetSocketByName(): No SkeletalMesh for CharacterMesh0
[2015.06.10-02.16.20:763][  0]LogSkinnedMeshComp:Warning: GetSocketByName(): No SkeletalMesh for CharacterMesh0
[2015.06.10-02.16.20:763][  0]LogSkinnedMeshComp:Warning: GetSocketByName(): No SkeletalMesh for CharacterMesh0
[2015.06.10-02.16.20:764][  0]LogSkinnedMeshComp:Warning: GetSocketByName(): No SkeletalMesh for CharacterMesh0
[2015.06.10-02.16.20:764][  0]LogSkinnedMeshComp:Warning: GetSocketByName(): No SkeletalMesh for CharacterMesh0
[2015.06.10-02.16.20:764][  0]LogSkinnedMeshComp:Warning: GetSocketByName(): No SkeletalMesh for CharacterMesh0
[2015.06.10-02.16.20:764][  0]LogSkinnedMeshComp:Warning: GetSocketByName(): No SkeletalMesh for CharacterMesh0
[2015.06.10-02.16.20:765][  0]LogPrimitiveComponent:Warning: CreateDynamicMaterialInstance on /Game/ThirdPersonBP/Maps/ThirdPersonExampleMap.ThirdPersonExampleMap:PersistentLevel.BP_Player_Character_Pawn_Enemy_C_8.CharacterMesh0: Material index 0 is invalid.
[2015.06.10-02.16.20:765][  0]LogSkinnedMeshComp:Warning: GetSocketByName(): No SkeletalMesh for CharacterMesh0
[2015.06.10-02.16.20:765][  0]LogSkinnedMeshComp:Warning: GetSocketByName(): No SkeletalMesh for CharacterMesh0
[2015.06.10-02.16.20:765][  0]LogSkinnedMeshComp:Warning: GetSocketByName(): No SkeletalMesh for CharacterMesh0
[2015.06.10-02.16.20:766][  0]LogSkinnedMeshComp:Warning: GetSocketByName(): No SkeletalMesh for CharacterMesh0
[2015.06.10-02.16.20:766][  0]LogSkinnedMeshComp:Warning: GetSocketByName(): No SkeletalMesh for CharacterMesh0
[2015.06.10-02.16.20:766][  0]LogSkinnedMeshComp:Warning: GetSocketByName(): No SkeletalMesh for CharacterMesh0
[2015.06.10-02.16.20:766][  0]LogSkinnedMeshComp:Warning: GetSocketByName(): No SkeletalMesh for CharacterMesh0
[2015.06.10-02.16.20:766][  0]LogSkinnedMeshComp:Warning: GetSocketByName(): No SkeletalMesh for CharacterMesh0
[2015.06.10-02.16.20:767][  0]LogPrimitiveComponent:Warning: CreateDynamicMaterialInstance on /Game/ThirdPersonBP/Maps/ThirdPersonExampleMap.ThirdPersonExampleMap:PersistentLevel.BP_Player_Character_Pawn_Enemy_C_9.CharacterMesh0: Material index 0 is invalid.
[2015.06.10-02.16.20:767][  0]LogEditorServer: Finished looking for orphan Actors (0.000 secs)
[2015.06.10-02.16.21:927][  0]LogAIModule: Creating AISystem for world ThirdPersonExampleMap
[2015.06.10-02.16.21:928][  0]Cmd: MAP CHECKDEP
[2015.06.10-02.16.21:928][  0]MapCheck: New page: ThirdPersonExampleMap - Jun 9, 2015, 12:16:21 PM
[2015.06.10-02.16.22:086][  0]MapCheck: Info Map check complete: 0 Error(s), 0 Warning(s), took 157.87ms to complete.
[2015.06.10-02.16.22:086][  0]LogFileHelpers: Loading map 'ThirdPersonExampleMap' took 10.194
[2015.06.10-02.16.22:275][  0]LogCollectionManager: Loaded 0 collections in 0.001925 seconds
[2015.06.10-02.16.22:286][  0]LogContentBrowser: Native class hierarchy populated in 0.0101 seconds. Added 1696 classes and 261 folders.
[2015.06.10-02.16.22:313][  0]LogContentBrowser:Verbose: The content browser source was changed by the sources view to '/Game'
[2015.06.10-02.16.22:489][  0]LogCrashTracker: Crashtracker disabled due to settings.
[2015.06.10-02.16.22:494][  0]LogSlate:Warning: Failed to load font data from 'Veranda'
[2015.06.10-02.16.22:501][  0]LogUObjectGlobals:Warning: Failed to find object 'Class None.'
[2015.06.10-02.16.22:527][  0]LogLoad: Full Startup: 23.23 seconds (BP compile: 3.97 seconds)
[2015.06.10-02.16.22:722][  0]LogRenderer:Warning: Reallocating scene render targets to support 32x32 (Frame:2).
[2015.06.10-02.16.22:835][  0]LogRenderer:Warning: Reallocating scene render targets to support 1208x560 (Frame:5).
[2015.06.10-02.16.23:126][  5]LogAssetRegistry: Asset discovery search completed in 12.6844 seconds
[2015.06.10-02.16.32:883][118]LogActorComponent: UnregisterComponent: (/Engine/Transient.ProjectileMovementComponent_0__F50812FA) Not registered. Aborting.
[2015.06.10-02.16.32:974][118]Cmd: MAP LOAD FILE="../../../../../../Users/Ryan/Documents/GitHub/ImaginaryFriend2/ImaginaryFriendDemo/Content/Maps/BedRoom.umap" TEMPLATE=0 SHOWPROGRESS=1 FEATURELEVEL=3
[2015.06.10-02.16.33:024][118]LightingResults: New page: Lighting Build
[2015.06.10-02.16.33:065][118]LoadErrors: New page: Loading map: BedRoom.umap
[2015.06.10-02.16.33:070][118]MapCheck: New page: Map Check
[2015.06.10-02.16.33:070][118]LightingResults: New page: Lighting Build
[2015.06.10-02.16.33:081][118]LogParticles: Destroying 0 GPU particle simulations for FXSystem 0x0000000E43F419E0
[2015.06.10-02.16.34:209][118]LogTexture:Display: Building textures: HQ_Lightmap1_5 (AutoDXT)
[2015.06.10-02.16.34:306][118]LogEditorServer: Finished looking for orphan Actors (0.000 secs)
[2015.06.10-02.16.34:624][118]LogAIModule: Creating AISystem for world BedRoom
[2015.06.10-02.16.34:770][118]Cmd: MAP CHECKDEP
[2015.06.10-02.16.34:770][118]MapCheck: New page: BedRoom - Jun 9, 2015, 12:16:34 PM
[2015.06.10-02.16.34:963][118]MapCheck: Info Map check complete: 0 Error(s), 0 Warning(s), took 193.289ms to complete.
[2015.06.10-02.16.34:963][118]LogFileHelpers: Loading map 'BedRoom' took 1.992
[2015.06.10-02.16.45:163][286]MapCheck: New page: Map Check
[2015.06.10-02.16.45:189][286]Cmd: MAP REBUILD ALLVISIBLE
[2015.06.10-02.16.45:190][286]LogEditorServer: Rebuildmap Clear paths rebuilt
[2015.06.10-02.16.45:445][286]LightingResults: New page: Lighting Build - Jun 9, 2015, 12:16:45 PM
[2015.06.10-02.16.50:735][286]LogStaticLightingSystem:Warning: No importance volume found, so the scene bounding box was used.  You can optimize your scene's quality and lighting build times by adding importance volumes.
[2015.06.10-02.16.50:739][286]LogStaticLightingSystem: Running Lightmass w/ ImmediateImport mode ENABLED
[2015.06.10-02.16.50:739][286]LogStaticLightingSystem: Running Lightmass w/ ImmediateProcess mode ENABLED
[2015.06.10-02.16.50:739][286]LogStaticLightingSystem: Running Lightmass w/ Sorting mode ENABLED
[2015.06.10-02.16.50:739][286]LogStaticLightingSystem: Running Lightmass w/ Mapping paddings ENABLED
[2015.06.10-02.16.50:739][286]LogStaticLightingSystem: Running Lightmass w/ Mapping debug paddings DISABLED
[2015.06.10-02.16.51:022][286]LogEditorBuildUtils: Build time 0:00:05
[2015.06.10-02.16.51:250][290]LogActorComponent: UnregisterComponent: (/Engine/Transient.ProjectileMovementComponent_0__F50812FA) Not registered. Aborting.
[2015.06.10-02.17.09:333][983]Job is a success!
[2015.06.10-02.17.09:996][985]LogTexture:Display: Building textures: HQ_Lightmap0_1 (AutoDXT)
[2015.06.10-02.17.10:101][985]LogTexture:Display: Building textures: LQ_Lightmap_0_5 (DXT1)
[2015.06.10-02.17.10:101][985]LogTexture:Display: Building textures: HQ_Lightmap1_5 (AutoDXT)
[2015.06.10-02.17.10:103][985]LogTexture:Display: Building textures: LQ_Lightmap_0_4 (DXT1)
[2015.06.10-02.17.10:285][985]LogTexture:Display: Building textures: HQ_Lightmap1_4 (AutoDXT)
[2015.06.10-02.17.10:736][985]LogTexture:Display: Building textures: LQ_Lightmap_1_3 (DXT1)
[2015.06.10-02.17.10:930][985]LogTexture:Display: Building textures: HQ_Lightmap1_3 (AutoDXT)
[2015.06.10-02.17.11:340][985]LogTexture:Display: Building textures: LQ_Lightmap_1_2 (DXT1)
[2015.06.10-02.17.11:536][985]LogTexture:Display: Building textures: HQ_Lightmap1_2 (AutoDXT)
[2015.06.10-02.17.11:943][985]LogTexture:Display: Building textures: LQ_Lightmap_0_1 (DXT1)
[2015.06.10-02.17.11:998][985]LogTexture:Display: Building textures: ShadowMapTexture2D_0 (BGRA8)
[2015.06.10-02.17.12:443][985]LogTexture:Display: Building textures: ShadowMapTexture2D_1 (BGRA8)
[2015.06.10-02.17.12:632][985]LogTexture:Display: Building textures: ShadowMapTexture2D_2 (BGRA8)
[2015.06.10-02.17.12:651][985]LogTexture:Display: Building textures: ShadowMapTexture2D_3 (BGRA8)
[2015.06.10-02.17.12:693][985]Lightmass on KAPSAR: 20.7 sec total, 4.73 sec importing, 79 ms setup, 1.48 sec photons, 14.4 sec processing, 0 ms extra exporting [509/509 mappings]. Threads: 2:38 min total, 1:47 min processing.
[2015.06.10-02.17.12:737][985]LogStaticLightingSystem: Illumination: 27.2 sec (2.88 sec encoding lightmaps)
[2015.06.10-02.17.12:737][985]LogStaticLightingSystem: Lightmap texture memory:  4.3 MB (4.0 MB streaming, 0.3 MB non-streaming), 10 textures
[2015.06.10-02.17.12:737][985]LogStaticLightingSystem: Shadowmap texture memory: 14.0 MB (13.3 MB streaming, 0.7 MB non-streaming), 4 textures
[2015.06.10-02.17.13:781][986]Cmd: MAP CHECK NOTIFYRESULTS
[2015.06.10-02.17.13:782][986]MapCheck: New page: BedRoom - Jun 9, 2015, 12:17:13 PM
[2015.06.10-02.17.13:995][986]MapCheck: Info Map check complete: 0 Error(s), 0 Warning(s), took 213.089ms to complete.
[2015.06.10-02.17.14:067][994]LogEditorViewport: Clicking on Actor (LMB): Brush (Brush4)
[2015.06.10-02.17.30:608][921]LogContentBrowser: Native class hierarchy updated for 'SceneOutliner' in 0.0080 seconds. Added 1 classes and 2 folders.
[2015.06.10-02.17.49:365][ 12]LogEditorViewport: Clicking on Actor (LMB): Brush (Box Brush29)
[2015.06.10-02.18.06:958][855]LogTexture:Warning: Failed to stream mip data from the derived data cache for /Game/Maps/BedRoom.HQ_Lightmap0_3. Streaming mips will be recached.
[2015.06.10-02.18.06:960][855]LogTexture:Display: Building textures: HQ_Lightmap0_3 (AutoDXT)
[2015.06.10-02.18.07:435][860]LogTexture:Warning: Failed to stream mip data from the derived data cache for /Game/Maps/BedRoom.HQ_Lightmap0_4. Streaming mips will be recached.
[2015.06.10-02.18.07:436][860]LogTexture:Display: Building textures: HQ_Lightmap0_4 (AutoDXT)
[2015.06.10-02.18.55:220][599]BlueprintLog: New page: Pre-PIE auto-recompile
[2015.06.10-02.18.55:220][599]LogPlayLevel: [PIE] Compiling BedRoom before PIE...
[2015.06.10-02.18.55:296][599]LogPlayLevel: PIE:  Blueprint regeneration took 76 ms (1 blueprints)
[2015.06.10-02.18.55:296][599]PIE: New page: PIE session: BedRoom (Jun 9, 2015, 12:18:55 PM)
[2015.06.10-02.18.55:318][599]LogPlayLevel: PIE: StaticDuplicateObject took: (0.021258s)
[2015.06.10-02.18.55:319][599]LogPlayLevel: PIE: World Init took: (0.000908s)
[2015.06.10-02.18.55:319][599]LogPlayLevel: PIE: Created PIE world by copying editor world from /Game/Maps/BedRoom.BedRoom to /Game/Maps/UEDPIE_0_BedRoom.BedRoom (0.022339s)
[2015.06.10-02.18.55:377][599]LogWorld: Game class is 'ThirdPersonGameMode_C'
[2015.06.10-02.18.55:382][599]LogAIModule: Creating AISystem for world BedRoom
[2015.06.10-02.18.55:412][599]LogWorld: Bringing World /Game/Maps/UEDPIE_0_BedRoom.BedRoom up for play (max tick rate 0) at 2015.06.09-19.18.55
[2015.06.10-02.18.55:415][599]LogWorld: Bringing up level for play took: 0.032503
[2015.06.10-02.18.55:421][599]PIE: Info Play in editor start time for /Game/Maps/UEDPIE_0_BedRoom 0.042
[2015.06.10-02.19.01:898][346]LogParticles: Destroying 0 GPU particle simulations for FXSystem 0x0000000E04F97100
[2015.06.10-02.19.26:356][417]Cmd: EDCALLBACK SURFPROPS
[2015.06.10-02.20.05:301][801]Cmd: TRANSACTION UNDO
[2015.06.10-02.20.05:301][801]LogEditorTransaction: Undo Brush Set
[2015.06.10-02.20.05:600][810]Cmd: TRANSACTION UNDO
[2015.06.10-02.20.05:600][810]LogEditorTransaction: Undo Brush Set
[2015.06.10-02.20.06:272][859]Cmd: TRANSACTION UNDO
[2015.06.10-02.20.06:272][859]LogEditorTransaction: Undo Brush Set
[2015.06.10-02.20.06:840][908]Cmd: TRANSACTION UNDO
[2015.06.10-02.20.06:840][908]LogEditorTransaction: Undo Brush Set
[2015.06.10-02.20.25:510][820]LogEditorActor: Deleted Actor: Brush
[2015.06.10-02.20.25:654][820]LogEditorActor: Deleted 1 Actors (0.146 secs)
[2015.06.10-02.20.33:183][634]LogUObjectHash:Warning: Ambiguous search, could be Model /Game/Maps/BedRoom.BedRoom:PersistentLevel.BoxBrush5.Model_7 or Model /Game/Maps/BedRoom.BedRoom:PersistentLevel.BoxBrush41.Model_7
[2015.06.10-02.20.33:183][634]LogUObjectHash:Warning: Ambiguous search, could be Model /Game/Maps/BedRoom.BedRoom:PersistentLevel.BoxBrush5.Model_7 or Model /Game/Maps/BedRoom.BedRoom:PersistentLevel.BoxBrush40.Model_7
[2015.06.10-02.20.33:183][634]LogUObjectHash:Warning: Ambiguous search, could be Model /Game/Maps/BedRoom.BedRoom:PersistentLevel.BoxBrush5.Model_7 or Model /Game/Maps/BedRoom.BedRoom:PersistentLevel.BoxBrush30.Model_7
[2015.06.10-02.20.33:183][634]LogUObjectHash:Warning: Ambiguous search, could be Model /Game/Maps/BedRoom.BedRoom:PersistentLevel.BoxBrush5.Model_7 or Model /Game/Maps/BedRoom.BedRoom:PersistentLevel.BoxBrush3.Model_7
[2015.06.10-02.20.33:183][634]LogUObjectHash:Warning: Ambiguous search, could be Model /Game/Maps/BedRoom.BedRoom:PersistentLevel.BoxBrush5.Model_7 or Model /Game/Maps/BedRoom.BedRoom:PersistentLevel.BoxBrush29.Model_7
[2015.06.10-02.20.33:183][634]LogUObjectHash:Warning: Ambiguous search, could be Model /Game/Maps/BedRoom.BedRoom:PersistentLevel.BoxBrush5.Model_7 or Model /Game/Maps/BedRoom.BedRoom:PersistentLevel.BoxBrush28.Model_7
[2015.06.10-02.20.33:183][634]LogUObjectHash:Warning: Ambiguous search, could be Model /Game/Maps/BedRoom.BedRoom:PersistentLevel.BoxBrush5.Model_7 or Model /Game/Maps/BedRoom.BedRoom:PersistentLevel.BoxBrush27.Model_7
[2015.06.10-02.20.33:183][634]LogUObjectHash:Warning: Ambiguous search, could be Model /Game/Maps/BedRoom.BedRoom:PersistentLevel.BoxBrush5.Model_7 or Model /Game/Maps/BedRoom.BedRoom:PersistentLevel.BoxBrush25.Model_7
[2015.06.10-02.20.33:183][634]LogUObjectHash:Warning: Ambiguous search, could be Model /Game/Maps/BedRoom.BedRoom:PersistentLevel.BoxBrush5.Model_7 or Model /Game/Maps/BedRoom.BedRoom:PersistentLevel.BoxBrush2.Model_7
[2015.06.10-02.20.33:183][634]LogUObjectHash:Warning: Ambiguous search, could be Model /Game/Maps/BedRoom.BedRoom:PersistentLevel.BoxBrush5.Model_7 or Model /Game/Maps/BedRoom.BedRoom:PersistentLevel.BoxBrush17_6.Model_7
[2015.06.10-02.20.33:183][634]LogUObjectHash:Warning: Ambiguous search, could be Model /Game/Maps/BedRoom.BedRoom:PersistentLevel.BoxBrush5.Model_7 or Model /Game/Maps/BedRoom.BedRoom:PersistentLevel.BoxBrush16.Model_7
[2015.06.10-02.20.33:183][634]LogUObjectHash:Warning: Ambiguous search, could be Model /Game/Maps/BedRoom.BedRoom:PersistentLevel.BoxBrush5.Model_7 or Model /Game/Maps/BedRoom.BedRoom:PersistentLevel.BoxBrush.Model_7
[2015.06.10-02.20.48:722][217]LogUObjectHash:Warning: Ambiguous search, could be Model /Game/Maps/BedRoom.BedRoom:PersistentLevel.BoxBrush42.Model_7 or Model /Game/Maps/BedRoom.BedRoom:PersistentLevel.BoxBrush5.Model_7
[2015.06.10-02.20.48:722][217]LogUObjectHash:Warning: Ambiguous search, could be Model /Game/Maps/BedRoom.BedRoom:PersistentLevel.BoxBrush42.Model_7 or Model /Game/Maps/BedRoom.BedRoom:PersistentLevel.BoxBrush41.Model_7
[2015.06.10-02.20.48:722][217]LogUObjectHash:Warning: Ambiguous search, could be Model /Game/Maps/BedRoom.BedRoom:PersistentLevel.BoxBrush42.Model_7 or Model /Game/Maps/BedRoom.BedRoom:PersistentLevel.BoxBrush40.Model_7
[2015.06.10-02.20.48:722][217]LogUObjectHash:Warning: Ambiguous search, could be Model /Game/Maps/BedRoom.BedRoom:PersistentLevel.BoxBrush42.Model_7 or Model /Game/Maps/BedRoom.BedRoom:PersistentLevel.BoxBrush30.Model_7
[2015.06.10-02.20.48:722][217]LogUObjectHash:Warning: Ambiguous search, could be Model /Game/Maps/BedRoom.BedRoom:PersistentLevel.BoxBrush42.Model_7 or Model /Game/Maps/BedRoom.BedRoom:PersistentLevel.BoxBrush3.Model_7
[2015.06.10-02.20.48:722][217]LogUObjectHash:Warning: Ambiguous search, could be Model /Game/Maps/BedRoom.BedRoom:PersistentLevel.BoxBrush42.Model_7 or Model /Game/Maps/BedRoom.BedRoom:PersistentLevel.BoxBrush29.Model_7
[2015.06.10-02.20.48:722][217]LogUObjectHash:Warning: Ambiguous search, could be Model /Game/Maps/BedRoom.BedRoom:PersistentLevel.BoxBrush42.Model_7 or Model /Game/Maps/BedRoom.BedRoom:PersistentLevel.BoxBrush28.Model_7
[2015.06.10-02.20.48:722][217]LogUObjectHash:Warning: Ambiguous search, could be Model /Game/Maps/BedRoom.BedRoom:PersistentLevel.BoxBrush42.Model_7 or Model /Game/Maps/BedRoom.BedRoom:PersistentLevel.BoxBrush27.Model_7
[2015.06.10-02.20.48:722][217]LogUObjectHash:Warning: Ambiguous search, could be Model /Game/Maps/BedRoom.BedRoom:PersistentLevel.BoxBrush42.Model_7 or Model /Game/Maps/BedRoom.BedRoom:PersistentLevel.BoxBrush25.Model_7
[2015.06.10-02.20.48:722][217]LogUObjectHash:Warning: Ambiguous search, could be Model /Game/Maps/BedRoom.BedRoom:PersistentLevel.BoxBrush42.Model_7 or Model /Game/Maps/BedRoom.BedRoom:PersistentLevel.BoxBrush2.Model_7
[2015.06.10-02.20.48:722][217]LogUObjectHash:Warning: Ambiguous search, could be Model /Game/Maps/BedRoom.BedRoom:PersistentLevel.BoxBrush42.Model_7 or Model /Game/Maps/BedRoom.BedRoom:PersistentLevel.BoxBrush17_6.Model_7
[2015.06.10-02.20.48:722][217]LogUObjectHash:Warning: Ambiguous search, could be Model /Game/Maps/BedRoom.BedRoom:PersistentLevel.BoxBrush42.Model_7 or Model /Game/Maps/BedRoom.BedRoom:PersistentLevel.BoxBrush16.Model_7
[2015.06.10-02.20.48:722][217]LogUObjectHash:Warning: Ambiguous search, could be Model /Game/Maps/BedRoom.BedRoom:PersistentLevel.BoxBrush42.Model_7 or Model /Game/Maps/BedRoom.BedRoom:PersistentLevel.BoxBrush.Model_7
[2015.06.10-02.21.04:481][824]LogUObjectHash:Warning: Ambiguous search, could be Model /Game/Maps/BedRoom.BedRoom:PersistentLevel.BoxBrush43.Model_7 or Model /Game/Maps/BedRoom.BedRoom:PersistentLevel.BoxBrush42.Model_7
[2015.06.10-02.21.04:481][824]LogUObjectHash:Warning: Ambiguous search, could be Model /Game/Maps/BedRoom.BedRoom:PersistentLevel.BoxBrush43.Model_7 or Model /Game/Maps/BedRoom.BedRoom:PersistentLevel.BoxBrush5.Model_7
[2015.06.10-02.21.04:481][824]LogUObjectHash:Warning: Ambiguous search, could be Model /Game/Maps/BedRoom.BedRoom:PersistentLevel.BoxBrush43.Model_7 or Model /Game/Maps/BedRoom.BedRoom:PersistentLevel.BoxBrush41.Model_7
[2015.06.10-02.21.04:481][824]LogUObjectHash:Warning: Ambiguous search, could be Model /Game/Maps/BedRoom.BedRoom:PersistentLevel.BoxBrush43.Model_7 or Model /Game/Maps/BedRoom.BedRoom:PersistentLevel.BoxBrush40.Model_7
[2015.06.10-02.21.04:481][824]LogUObjectHash:Warning: Ambiguous search, could be Model /Game/Maps/BedRoom.BedRoom:PersistentLevel.BoxBrush43.Model_7 or Model /Game/Maps/BedRoom.BedRoom:PersistentLevel.BoxBrush30.Model_7
[2015.06.10-02.21.04:481][824]LogUObjectHash:Warning: Ambiguous search, could be Model /Game/Maps/BedRoom.BedRoom:PersistentLevel.BoxBrush43.Model_7 or Model /Game/Maps/BedRoom.BedRoom:PersistentLevel.BoxBrush3.Model_7
[2015.06.10-02.21.04:481][824]LogUObjectHash:Warning: Ambiguous search, could be Model /Game/Maps/BedRoom.BedRoom:PersistentLevel.BoxBrush43.Model_7 or Model /Game/Maps/BedRoom.BedRoom:PersistentLevel.BoxBrush29.Model_7
[2015.06.10-02.21.04:482][824]LogUObjectHash:Warning: Ambiguous search, could be Model /Game/Maps/BedRoom.BedRoom:PersistentLevel.BoxBrush43.Model_7 or Model /Game/Maps/BedRoom.BedRoom:PersistentLevel.BoxBrush28.Model_7
[2015.06.10-02.21.04:482][824]LogUObjectHash:Warning: Ambiguous search, could be Model /Game/Maps/BedRoom.BedRoom:PersistentLevel.BoxBrush43.Model_7 or Model /Game/Maps/BedRoom.BedRoom:PersistentLevel.BoxBrush27.Model_7
[2015.06.10-02.21.04:482][824]LogUObjectHash:Warning: Ambiguous search, could be Model /Game/Maps/BedRoom.BedRoom:PersistentLevel.BoxBrush43.Model_7 or Model /Game/Maps/BedRoom.BedRoom:PersistentLevel.BoxBrush25.Model_7
[2015.06.10-02.21.04:482][824]LogUObjectHash:Warning: Ambiguous search, could be Model /Game/Maps/BedRoom.BedRoom:PersistentLevel.BoxBrush43.Model_7 or Model /Game/Maps/BedRoom.BedRoom:PersistentLevel.BoxBrush2.Model_7
[2015.06.10-02.21.04:482][824]LogUObjectHash:Warning: Ambiguous search, could be Model /Game/Maps/BedRoom.BedRoom:PersistentLevel.BoxBrush43.Model_7 or Model /Game/Maps/BedRoom.BedRoom:PersistentLevel.BoxBrush17_6.Model_7
[2015.06.10-02.21.04:482][824]LogUObjectHash:Warning: Ambiguous search, could be Model /Game/Maps/BedRoom.BedRoom:PersistentLevel.BoxBrush43.Model_7 or Model /Game/Maps/BedRoom.BedRoom:PersistentLevel.BoxBrush16.Model_7
[2015.06.10-02.21.04:482][824]LogUObjectHash:Warning: Ambiguous search, could be Model /Game/Maps/BedRoom.BedRoom:PersistentLevel.BoxBrush43.Model_7 or Model /Game/Maps/BedRoom.BedRoom:PersistentLevel.BoxBrush.Model_7
[2015.06.10-02.24.25:984][648]Cmd: EDCALLBACK SURFPROPS
[2015.06.10-02.24.30:708][177]Cmd: TRANSACTION UNDO
[2015.06.10-02.24.30:708][177]LogEditorTransaction: Undo Move Actors
[2015.06.10-02.24.42:563][103]Cmd: EDCALLBACK SURFPROPS
[2015.06.10-02.24.47:748][615]Cmd: EDCALLBACK SURFPROPS
[2015.06.10-02.25.10:532][960]LogEditorViewport: Clicking on Actor (LMB): Brush (Spiral Stair Brush)
[2015.06.10-02.25.21:671][145]LogSavePackage: Save=471.786346ms
[2015.06.10-02.25.21:671][145]LogSavePackage: Moving '../../../../../../Users/Ryan/Documents/GitHub/ImaginaryFriend2/ImaginaryFriendDemo/Saved/BedRoom3D4E5DB3414DF69839BCB2A7A55CCD95.tmp' to '../../../../../../Users/Ryan/Documents/GitHub/ImaginaryFriend2/ImaginaryFriendDemo/Content/Maps/BedRoom.umap'
[2015.06.10-02.25.25:906][621]MapCheck: New page: Map Check
[2015.06.10-02.25.25:929][621]Cmd: MAP REBUILD ALLVISIBLE
[2015.06.10-02.25.25:929][621]LogEditorServer: Rebuildmap Clear paths rebuilt
[2015.06.10-02.25.26:217][621]LightingResults: New page: Lighting Build - Jun 9, 2015, 12:25:26 PM
[2015.06.10-02.25.30:752][621]LogStaticLightingSystem:Warning: No importance volume found, so the scene bounding box was used.  You can optimize your scene's quality and lighting build times by adding importance volumes.
[2015.06.10-02.25.30:755][621]LogStaticLightingSystem: Running Lightmass w/ ImmediateImport mode ENABLED
[2015.06.10-02.25.30:755][621]LogStaticLightingSystem: Running Lightmass w/ ImmediateProcess mode ENABLED
[2015.06.10-02.25.30:755][621]LogStaticLightingSystem: Running Lightmass w/ Sorting mode ENABLED
[2015.06.10-02.25.30:755][621]LogStaticLightingSystem: Running Lightmass w/ Mapping paddings ENABLED
[2015.06.10-02.25.30:755][621]LogStaticLightingSystem: Running Lightmass w/ Mapping debug paddings DISABLED
[2015.06.10-02.25.30:902][621]LogEditorBuildUtils: Build time 0:00:04
[2015.06.10-02.25.43:944][707]Job is a success!
[2015.06.10-02.25.44:516][708]LogTexture:Display: Building textures: HQ_Lightmap0_1 (AutoDXT)
[2015.06.10-02.25.44:616][708]LogTexture:Display: Building textures: LQ_Lightmap_1_5 (DXT1)
[2015.06.10-02.25.44:616][708]LogTexture:Display: Building textures: HQ_Lightmap0_5 (AutoDXT)
[2015.06.10-02.25.44:618][708]LogTexture:Display: Building textures: LQ_Lightmap_1_4 (DXT1)
[2015.06.10-02.25.44:803][708]LogTexture:Display: Building textures: HQ_Lightmap0_4 (AutoDXT)
[2015.06.10-02.25.45:247][708]LogTexture:Display: Building textures: LQ_Lightmap_0_3 (DXT1)
[2015.06.10-02.25.45:443][708]LogTexture:Display: Building textures: HQ_Lightmap0_3 (AutoDXT)
[2015.06.10-02.25.45:858][708]LogTexture:Display: Building textures: LQ_Lightmap_0_2 (DXT1)
[2015.06.10-02.25.46:018][708]LogTexture:Display: Building textures: HQ_Lightmap0_2 (AutoDXT)
[2015.06.10-02.25.46:404][708]LogTexture:Display: Building textures: LQ_Lightmap_0_1 (DXT1)
[2015.06.10-02.25.46:458][708]LogTexture:Display: Building textures: ShadowMapTexture2D_4 (BGRA8)
[2015.06.10-02.25.46:887][708]LogTexture:Display: Building textures: ShadowMapTexture2D_5 (BGRA8)
[2015.06.10-02.25.47:098][708]LogTexture:Display: Building textures: ShadowMapTexture2D_6 (BGRA8)
[2015.06.10-02.25.47:117][708]LogTexture:Display: Building textures: ShadowMapTexture2D_7 (BGRA8)
[2015.06.10-02.25.47:128][708]Lightmass on KAPSAR: 15.7 sec total, 153 ms importing, 81 ms setup, 1.41 sec photons, 14.0 sec processing, 0 ms extra exporting [514/514 mappings]. Threads: 2:34 min total, 1:45 min processing.
[2015.06.10-02.25.47:175][708]LogStaticLightingSystem: Illumination: 20.9 sec (2.82 sec encoding lightmaps)
[2015.06.10-02.25.47:175][708]LogStaticLightingSystem: Lightmap texture memory:  4.3 MB (4.0 MB streaming, 0.3 MB non-streaming), 10 textures
[2015.06.10-02.25.47:175][708]LogStaticLightingSystem: Shadowmap texture memory: 28.0 MB (26.7 MB streaming, 1.3 MB non-streaming), 8 textures
[2015.06.10-02.25.47:203][709]Cmd: MAP CHECK NOTIFYRESULTS
[2015.06.10-02.25.47:204][709]MapCheck: New page: BedRoom - Jun 9, 2015, 12:25:47 PM
[2015.06.10-02.25.47:376][709]MapCheck: Info Map check complete: 0 Error(s), 0 Warning(s), took 171.901ms to complete.
[2015.06.10-02.25.52:732][982]LogSavePackage: Save=680.367126ms
[2015.06.10-02.25.52:732][982]LogSavePackage: Moving '../../../../../../Users/Ryan/Documents/GitHub/ImaginaryFriend2/ImaginaryFriendDemo/Saved/BedRoom747C7B684FD10166BB110FBDE3281F84.tmp' to '../../../../../../Users/Ryan/Documents/GitHub/ImaginaryFriend2/ImaginaryFriendDemo/Content/Maps/BedRoom.umap'
[2015.06.10-02.25.52:833][982]LogFileHelpers: Saving map 'BedRoom' took 0.979
[2015.06.10-02.25.53:490][983]Cmd: QUIT_EDITOR
[2015.06.10-02.25.53:724][983]LogExit: Preparing to exit.
[2015.06.10-02.25.53:960][983]LogExit: Editor shut down
[2015.06.10-02.25.53:961][983]LogExit: Transaction tracking system shut down
[2015.06.10-02.25.53:965][983]LogParticles: Destroying 0 GPU particle simulations for FXSystem 0x0000000E575DB240
[2015.06.10-02.25.53:967][983]LogParticles: Destroying 0 GPU particle simulations for FXSystem 0x0000000E02E291C0
[2015.06.10-02.25.54:035][983]LogParticles: Destroying 0 GPU particle simulations for FXSystem 0x0000000E051F4D60
[2015.06.10-02.25.54:035][983]LogParticles: Destroying 0 GPU particle simulations for FXSystem 0x0000000E03117EC0
[2015.06.10-02.25.54:035][983]LogParticles: Destroying 0 GPU particle simulations for FXSystem 0x0000000E3D443BA0
[2015.06.10-02.25.54:035][983]LogExit: Object subsystem successfully closed.
[2015.06.10-02.25.54:091][983]LogModuleManager: Shutting down and abandoning module SceneOutliner (177)
[2015.06.10-02.25.54:091][983]LogModuleManager: Shutting down and abandoning module CrashTracker (176)
[2015.06.10-02.25.54:091][983]LogModuleManager: Shutting down and abandoning module SuperSearch (175)
[2015.06.10-02.25.54:091][983]LogModuleManager: Shutting down and abandoning module EditorWidgets (174)
[2015.06.10-02.25.54:091][983]LogModuleManager: Shutting down and abandoning module CollectionManager (173)
[2015.06.10-02.25.54:091][983]LogModuleManager: Shutting down and abandoning module StatsViewer (172)
[2015.06.10-02.25.54:091][983]LogModuleManager: Shutting down and abandoning module FoliageEdit (171)
[2015.06.10-02.25.54:091][983]LogModuleManager: Shutting down and abandoning module LandscapeEditor (170)
[2015.06.10-02.25.54:091][983]LogModuleManager: Shutting down and abandoning module MeshPaint (169)
[2015.06.10-02.25.54:091][983]LogModuleManager: Shutting down and abandoning module ActorPickerMode (168)
[2015.06.10-02.25.54:091][983]LogModuleManager: Shutting down and abandoning module GeometryMode (167)
[2015.06.10-02.25.54:091][983]LogModuleManager: Shutting down and abandoning module TextureAlignMode (166)
[2015.06.10-02.25.54:091][983]LogModuleManager: Shutting down and abandoning module BspMode (165)
[2015.06.10-02.25.54:091][983]LogModuleManager: Shutting down and abandoning module PlacementMode (164)
[2015.06.10-02.25.54:091][983]LogModuleManager: Shutting down and abandoning module AutomationWorker (163)
[2015.06.10-02.25.54:091][983]LogModuleManager: Shutting down and abandoning module CharacterAI (162)
[2015.06.10-02.25.54:091][983]LogModuleManager: Shutting down and abandoning module SmartSnapping (161)
[2015.06.10-02.25.54:092][983]LogModuleManager: Shutting down and abandoning module ViewportSnapping (160)
[2015.06.10-02.25.54:092][983]LogModuleManager: Shutting down and abandoning module LogVisualizer (159)
[2015.06.10-02.25.54:092][983]LogModuleManager: Shutting down and abandoning module GameProjectGeneration (158)
[2015.06.10-02.25.54:092][983]LogModuleManager: Shutting down and abandoning module IntroTutorials (157)
[2015.06.10-02.25.54:092][983]LogModuleManager: Shutting down and abandoning module EditorLiveStreaming (156)
[2015.06.10-02.25.54:092][983]LogModuleManager: Shutting down and abandoning module HardwareTargeting (155)
[2015.06.10-02.25.54:092][983]LogModuleManager: Shutting down and abandoning module DeviceProfileEditor (154)
[2015.06.10-02.25.54:092][983]LogModuleManager: Shutting down and abandoning module UndoHistory (153)
[2015.06.10-02.25.54:092][983]LogModuleManager: Shutting down and abandoning module GameplayTagsEditor (152)
[2015.06.10-02.25.54:092][983]LogModuleManager: Shutting down and abandoning module UserFeedback (151)
[2015.06.10-02.25.54:092][983]LogModuleManager: Shutting down and abandoning module XmlParser (150)
[2015.06.10-02.25.54:092][983]LogModuleManager: Shutting down and abandoning module Blutility (149)
[2015.06.10-02.25.54:092][983]LogModuleManager: Shutting down and abandoning module IOSPlatformEditor (148)
[2015.06.10-02.25.54:092][983]LogModuleManager: Shutting down and abandoning module IOSRuntimeSettings (147)
[2015.06.10-02.25.54:092][983]LogModuleManager: Shutting down and abandoning module AndroidDeviceDetection (146)
[2015.06.10-02.25.54:911][983]LogModuleManager: Shutting down and abandoning module AndroidPlatformEditor (145)
[2015.06.10-02.25.54:911][983]LogModuleManager: Shutting down and abandoning module AndroidRuntimeSettings (144)
[2015.06.10-02.25.54:911][983]LogModuleManager: Shutting down and abandoning module ProjectTargetPlatformEditor (143)
[2015.06.10-02.25.54:911][983]LogModuleManager: Shutting down and abandoning module ProjectSettingsViewer (142)
[2015.06.10-02.25.54:911][983]LogModuleManager: Shutting down and abandoning module InputBindingEditor (141)
[2015.06.10-02.25.54:912][983]LogModuleManager: Shutting down and abandoning module EditorSettingsViewer (140)
[2015.06.10-02.25.54:912][983]LogModuleManager: Shutting down and abandoning module SettingsEditor (139)
[2015.06.10-02.25.54:912][983]LogModuleManager: Shutting down and abandoning module ProjectLauncher (138)
[2015.06.10-02.25.54:912][983]LogModuleManager: Shutting down and abandoning module SessionFrontend (137)
[2015.06.10-02.25.54:912][983]LogModuleManager: Shutting down and abandoning module ProfilerClient (136)
[2015.06.10-02.25.54:912][983]LogModuleManager: Shutting down and abandoning module TargetDeviceServices (135)
[2015.06.10-02.25.54:912][983]LogModuleManager: Shutting down and abandoning module DeviceManager (134)
[2015.06.10-02.25.54:912][983]LogModuleManager: Shutting down and abandoning module AutomationController (133)
[2015.06.10-02.25.54:912][983]LogModuleManager: Shutting down and abandoning module AutomationWindow (132)
[2015.06.10-02.25.54:912][983]LogModuleManager: Shutting down and abandoning module Layers (131)
[2015.06.10-02.25.54:912][983]LogModuleManager: Shutting down and abandoning module ComponentVisualizers (130)
[2015.06.10-02.25.54:912][983]LogModuleManager: Shutting down and abandoning module DetailCustomizations (129)
[2015.06.10-02.25.54:912][983]LogModuleManager: Shutting down and abandoning module PackagesDialog (128)
[2015.06.10-02.25.54:913][983]LogModuleManager: Shutting down and abandoning module AssetRegistry (127)
[2015.06.10-02.25.54:959][983]LogModuleManager: Shutting down and abandoning module Persona (126)
[2015.06.10-02.25.54:959][983]LogModuleManager: Shutting down and abandoning module SlateReflector (125)
[2015.06.10-02.25.54:959][983]LogModuleManager: Shutting down and abandoning module LevelEditor (124)
[2015.06.10-02.25.54:960][983]LogModuleManager: Shutting down and abandoning module Kismet (123)
[2015.06.10-02.25.54:960][983]LogModuleManager: Shutting down and abandoning module GraphEditor (122)
[2015.06.10-02.25.54:960][983]LogModuleManager: Shutting down and abandoning module ClassViewer (121)
[2015.06.10-02.25.54:960][983]LogModuleManager: Shutting down and abandoning module Toolbox (120)
[2015.06.10-02.25.54:960][983]LogModuleManager: Shutting down and abandoning module ModuleUI (119)
[2015.06.10-02.25.54:960][983]LogModuleManager: Shutting down and abandoning module MovieSceneTools (118)
[2015.06.10-02.25.54:960][983]LogModuleManager: Shutting down and abandoning module OutputLog (117)
[2015.06.10-02.25.54:960][983]LogModuleManager: Shutting down and abandoning module GammaUI (116)
[2015.06.10-02.25.54:960][983]LogModuleManager: Shutting down and abandoning module Documentation (115)
[2015.06.10-02.25.54:960][983]LogModuleManager: Shutting down and abandoning module GameLiveStreaming (114)
[2015.06.10-02.25.54:960][983]LogModuleManager: Shutting down and abandoning module StreamingPauseRendering (113)
[2015.06.10-02.25.54:960][983]LogModuleManager: Shutting down and abandoning module HTTP (112)
[2015.06.10-02.25.54:960][983]LogModuleManager: Shutting down and abandoning module AnalyticsET (111)
[2015.06.10-02.25.54:960][983]LogModuleManager: Shutting down and abandoning module Analytics (110)
[2015.06.10-02.25.54:960][983]LogModuleManager: Shutting down and abandoning module AITestSuite (109)
[2015.06.10-02.25.54:960][983]LogModuleManager: Shutting down and abandoning module GameplayDebugger (108)
[2015.06.10-02.25.54:960][983]LogModuleManager: Shutting down and abandoning module AIModule (107)
[2015.06.10-02.25.54:960][983]LogModuleManager: Shutting down and abandoning module ProfilerService (106)
[2015.06.10-02.25.55:150][983]LogModuleManager: Shutting down and abandoning module TaskGraph (105)
[2015.06.10-02.25.55:150][983]LogModuleManager: Shutting down and abandoning module SlateRemote (104)
[2015.06.10-02.25.55:150][983]LogModuleManager: Shutting down and abandoning module ScriptEditorPlugin (103)
[2015.06.10-02.25.55:150][983]LogModuleManager: Shutting down and abandoning module CustomMeshComponent (102)
[2015.06.10-02.25.55:150][983]LogModuleManager: Shutting down and abandoning module CableComponent (101)
[2015.06.10-02.25.55:150][983]LogModuleManager: Shutting down and abandoning module MessagingDebugger (100)
[2015.06.10-02.25.55:150][983]LogModuleManager: Shutting down and abandoning module MediaPlayerEditor (99)
[2015.06.10-02.25.55:150][983]LogModuleManager: Shutting down and abandoning module SpeedTreeImporter (98)
[2015.06.10-02.25.55:150][983]LogModuleManager: Shutting down and abandoning module PluginsEditor (97)
[2015.06.10-02.25.55:150][983]LogModuleManager: Shutting down and abandoning module MainFrame (96)
[2015.06.10-02.25.55:150][983]LogModuleManager: Shutting down and abandoning module EpicSurvey (95)
[2015.06.10-02.25.55:151][983]LogModuleManager: Shutting down and abandoning module DesktopPlatform (94)
[2015.06.10-02.25.55:151][983]LogModuleManager: Shutting down and abandoning module DirectoryWatcher (93)
[2015.06.10-02.25.55:151][983]LogModuleManager: Shutting down and abandoning module HotReload (92)
[2015.06.10-02.25.55:151][983]LogModuleManager: Shutting down and abandoning module VisualStudioSourceCodeAccess (91)
[2015.06.10-02.25.55:151][983]LogModuleManager: Shutting down and abandoning module UObjectPlugin (90)
[2015.06.10-02.25.55:151][983]LogModuleManager: Shutting down and abandoning module SubversionSourceControl (89)
[2015.06.10-02.25.55:151][983]LogModuleManager: Shutting down and abandoning module PerforceSourceControl (88)
[2015.06.10-02.25.55:151][983]LogModuleManager: Shutting down and abandoning module SourceControl (87)
[2015.06.10-02.25.55:151][983]LogModuleManager: Shutting down and abandoning module GitSourceControl (86)
[2015.06.10-02.25.55:152][983]LogModuleManager: Shutting down and abandoning module BlankPlugin (85)
[2015.06.10-02.25.55:152][983]LogModuleManager: Shutting down and abandoning module PaperTiledImporter (84)
[2015.06.10-02.25.55:152][983]LogModuleManager: Shutting down and abandoning module PaperJsonImporter (83)
[2015.06.10-02.25.55:152][983]LogModuleManager: Shutting down and abandoning module ContentBrowser (82)
[2015.06.10-02.25.55:153][983]LogModuleManager: Shutting down and abandoning module Paper2DEditor (81)
[2015.06.10-02.25.55:153][983]LogModuleManager: Shutting down and abandoning module ScriptPlugin (80)
[2015.06.10-02.25.55:153][983]LogModuleManager: Shutting down and abandoning module UdpMessaging (79)
[2015.06.10-02.25.55:254][983]LogModuleManager: Shutting down and abandoning module Paper2D (78)
[2015.06.10-02.25.55:254][983]LogModuleManager: Shutting down and abandoning module WindowsMoviePlayer (77)
[2015.06.10-02.25.55:261][983]LogModuleManager: Shutting down and abandoning module Media (76)
[2015.06.10-02.25.55:261][983]LogModuleManager: Shutting down and abandoning module WmfMedia (75)
[2015.06.10-02.25.55:261][983]LogModuleManager: Shutting down and abandoning module OnlineBlueprintSupport (74)
[2015.06.10-02.25.55:261][983]LogModuleManager: Shutting down and abandoning module PropertyEditor (73)
[2015.06.10-02.25.55:261][983]LogModuleManager: Shutting down and abandoning module BehaviorTreeEditor (72)
[2015.06.10-02.25.55:261][983]LogModuleManager: Shutting down and abandoning module FunctionalTesting (71)
[2015.06.10-02.25.55:261][983]LogModuleManager: Shutting down and abandoning module CollisionAnalyzer (70)
[2015.06.10-02.25.55:261][983]LogModuleManager: Shutting down and abandoning module WorkspaceMenuStructure (69)
[2015.06.10-02.25.55:261][983]LogModuleManager: Shutting down and abandoning module MessageLog (68)
[2015.06.10-02.25.55:261][983]LogModuleManager: Shutting down and abandoning module Sequencer (67)
[2015.06.10-02.25.55:262][983]LogModuleManager: Shutting down and abandoning module AssetTools (66)
[2015.06.10-02.25.55:262][983]LogModuleManager: Shutting down and abandoning module UMGEditor (65)
[2015.06.10-02.25.55:262][983]LogModuleManager: Shutting down and abandoning module UMG (64)
[2015.06.10-02.25.55:262][983]LogModuleManager: Shutting down and abandoning module Slate (63)
[2015.06.10-02.25.55:262][983]LogModuleManager: Shutting down and abandoning module EditorStyle (62)
[2015.06.10-02.25.55:270][983]LogModuleManager: Shutting down and abandoning module SessionServices (61)
[2015.06.10-02.25.55:271][983]LogModuleManager: Shutting down and abandoning module SourceCodeAccess (60)
[2015.06.10-02.25.55:271][983]LogModuleManager: Shutting down and abandoning module HeadMountedDisplay (59)
[2015.06.10-02.25.55:271][983]LogModuleManager: Shutting down and abandoning module XAudio2 (58)
[2015.06.10-02.25.55:271][983]LogModuleManager: Shutting down and abandoning module Networking (56)
[2015.06.10-02.25.55:271][983]LogModuleManager: Shutting down and abandoning module Core (55)
[2015.06.10-02.25.55:271][983]LogModuleManager: Shutting down and abandoning module KismetCompiler (54)
[2015.06.10-02.25.55:271][983]LogModuleManager: Shutting down and abandoning module PhysXFormats (53)
[2015.06.10-02.25.55:271][983]LogModuleManager: Shutting down and abandoning module MeshUtilities (52)
[2015.06.10-02.25.55:271][983]LogModuleManager: Shutting down and abandoning module DerivedDataCache (51)
[2015.06.10-02.25.55:275][983]LogDerivedDataCache: Shutdown
[2015.06.10-02.25.55:275][983]LogModuleManager: Shutting down and abandoning module ShaderFormatOpenGL (50)
[2015.06.10-02.25.55:275][983]LogModuleManager: Shutting down and abandoning module ShaderFormatD3D (49)
[2015.06.10-02.25.55:275][983]LogModuleManager: Shutting down and abandoning module MetalShaderFormat (48)
[2015.06.10-02.25.55:275][983]LogModuleManager: Shutting down and abandoning module TextureFormatUncompressed (47)
[2015.06.10-02.25.55:275][983]LogModuleManager: Shutting down and abandoning module TextureFormatPVR (46)
[2015.06.10-02.25.55:275][983]LogModuleManager: Shutting down and abandoning module TextureFormatIntelISPCTexComp (45)
[2015.06.10-02.25.55:275][983]LogModuleManager: Shutting down and abandoning module TextureFormatDXT (44)
[2015.06.10-02.25.55:275][983]LogModuleManager: Shutting down and abandoning module ImageWrapper (43)
[2015.06.10-02.25.55:275][983]LogModuleManager: Shutting down and abandoning module TextureFormatASTC (42)
[2015.06.10-02.25.55:275][983]LogModuleManager: Shutting down and abandoning module TextureFormatAndroid (41)
[2015.06.10-02.25.55:275][983]LogModuleManager: Shutting down and abandoning module AudioFormatOpus (40)
[2015.06.10-02.25.55:275][983]LogModuleManager: Shutting down and abandoning module AudioFormatOgg (39)
[2015.06.10-02.25.55:275][983]LogModuleManager: Shutting down and abandoning module AudioFormatADPCM (38)
[2015.06.10-02.25.55:275][983]LogModuleManager: Shutting down and abandoning module LinuxTargetPlatform (37)
[2015.06.10-02.25.55:275][983]LogModuleManager: Shutting down and abandoning module LinuxServerTargetPlatform (36)
[2015.06.10-02.25.55:275][983]LogModuleManager: Shutting down and abandoning module LinuxNoEditorTargetPlatform (35)
[2015.06.10-02.25.55:275][983]LogModuleManager: Shutting down and abandoning module Messaging (34)
[2015.06.10-02.25.55:275][983]LogModuleManager: Shutting down and abandoning module IOSTargetPlatform (33)
[2015.06.10-02.25.55:275][983]LogModuleManager: Shutting down and abandoning module HTML5TargetPlatform (32)
[2015.06.10-02.25.55:275][983]LogModuleManager: Shutting down and abandoning module Android_PVRTCTargetPlatform (31)
[2015.06.10-02.25.55:275][983]LogModuleManager: Shutting down and abandoning module Android_ETC2TargetPlatform (30)
[2015.06.10-02.25.55:275][983]LogModuleManager: Shutting down and abandoning module Android_ETC1TargetPlatform (29)
[2015.06.10-02.25.55:275][983]LogModuleManager: Shutting down and abandoning module Android_ES31TargetPlatform (28)
[2015.06.10-02.25.55:275][983]LogModuleManager: Shutting down and abandoning module Android_DXTTargetPlatform (27)
[2015.06.10-02.25.55:275][983]LogModuleManager: Shutting down and abandoning module Android_ATCTargetPlatform (26)
[2015.06.10-02.25.55:275][983]LogModuleManager: Shutting down and abandoning module AndroidTargetPlatform (25)
[2015.06.10-02.25.55:275][983]LogModuleManager: Shutting down and abandoning module WindowsTargetPlatform (24)
[2015.06.10-02.25.55:275][983]LogModuleManager: Shutting down and abandoning module WindowsServerTargetPlatform (23)
[2015.06.10-02.25.55:276][983]LogModuleManager: Shutting down and abandoning module WindowsNoEditorTargetPlatform (22)
[2015.06.10-02.25.55:276][983]LogModuleManager: Shutting down and abandoning module WindowsClientTargetPlatform (21)
[2015.06.10-02.25.55:276][983]LogModuleManager: Shutting down and abandoning module TargetPlatform (20)
[2015.06.10-02.25.55:276][983]LogModuleManager: Shutting down and abandoning module InputCore (19)
[2015.06.10-02.25.55:276][983]LogModuleManager: Shutting down and abandoning module Settings (18)
[2015.06.10-02.25.55:276][983]LogModuleManager: Shutting down and abandoning module OnlineSubsystem (16)
[2015.06.10-02.25.55:276][983]LogModuleManager: Shutting down and abandoning module OculusRift (15)
[2015.06.10-02.25.55:276][983]LogModuleManager: Shutting down and abandoning module ExampleDeviceProfileSelector (14)
[2015.06.10-02.25.55:276][983]LogModuleManager: Shutting down and abandoning module TextureCompressor (13)
[2015.06.10-02.25.55:276][983]LogModuleManager: Shutting down and abandoning module ShaderCore (12)
[2015.06.10-02.25.55:276][983]LogModuleManager: Shutting down and abandoning module Landscape (11)
[2015.06.10-02.25.55:276][983]LogModuleManager: Shutting down and abandoning module SlateRHIRenderer (10)
[2015.06.10-02.25.55:279][983]LogModuleManager: Shutting down and abandoning module OpenGLDrv (9)
[2015.06.10-02.25.55:279][983]LogModuleManager: Shutting down and abandoning module D3D11RHI (8)
[2015.06.10-02.25.55:279][983]LogModuleManager: Shutting down and abandoning module Renderer (7)
[2015.06.10-02.25.55:279][983]LogModuleManager: Shutting down and abandoning module Engine (6)
[2015.06.10-02.25.55:279][983]LogModuleManager: Shutting down and abandoning module CoreUObject (5)
[2015.06.10-02.25.55:279][983]LogModuleManager: Shutting down and abandoning module NetworkFile (4)
[2015.06.10-02.25.55:279][983]LogModuleManager: Shutting down and abandoning module StreamingFile (3)
[2015.06.10-02.25.55:279][983]LogModuleManager: Shutting down and abandoning module SandboxFile (2)
[2015.06.10-02.25.55:279][983]LogModuleManager: Shutting down and abandoning module PakFile (1)
[2015.06.10-02.25.55:280][983]LogExit: Exiting.
[2015.06.10-02.25.55:370][983]Log file closed, 06/09/15 19:25:55
