Log file open, 05/26/15 15:15:48
LogInit:Display: Running engine for game: ImaginaryFriendDemo
LogInit: Version: 4.7.6-2513093+++depot+UE4-Releases+4.7
LogInit: API Version: 2455222
LogInit: Compiled (64-bit): Apr 15 2015 12:09:54
LogInit: Compiled with Visual C++: 18.00.21005.01
LogInit: Build Configuration: Development
LogInit: Branch Name: ++depot+UE4-Releases+4.7
LogInit: Command line: 
LogInit: Base directory: C:/Program Files/Epic Games/4.7/Engine/Binaries/Win64/
LogInit: Rocket: 1
[2015.05.26-22.15.48:186][  0]LogTaskGraph: Started task graph with 3 named threads and 8 total threads.
[2015.05.26-22.15.48:263][  0]LogOnline:Warning: No default platform service specified for OnlineSubsystem
[2015.05.26-22.15.48:274][  0]LogInit: Presizing for 0 objects not considered by GC, pre-allocating 0 bytes.
[2015.05.26-22.15.48:282][  0]LogInit: Object subsystem initialized
[2015.05.26-22.15.48:284][  0]LogConsoleResponse:Warning: Skipping Unknown console variable: 'TranslucentSortAxis = (X=0.000000,Y=-1.000000,Z=0.000000)'
[2015.05.26-22.15.48:284][  0]LogConsoleResponse:Warning:   Found in ini file 'C:/Users/Ryan/Documents/GitHub/ImaginaryFriendDemo/ImaginaryFriendDemo/Saved/Config/Windows/Engine.ini', in section '[/Script/Engine.RendererSettings]'
[2015.05.26-22.15.48:284][  0]LogConsoleResponse:Warning: Skipping Unknown console variable: 'UIScaleRule = ShortestSide'
[2015.05.26-22.15.48:284][  0]LogConsoleResponse:Warning:   Found in ini file 'C:/Users/Ryan/Documents/GitHub/ImaginaryFriendDemo/ImaginaryFriendDemo/Saved/Config/Windows/Engine.ini', in section '[/Script/Engine.RendererSettings]'
[2015.05.26-22.15.48:284][  0]LogConsoleResponse:Warning: Skipping Unknown console variable: 'UIScaleCurve = (EditorCurveData=(Keys=),ExternalCurve=None)'
[2015.05.26-22.15.48:284][  0]LogConsoleResponse:Warning:   Found in ini file 'C:/Users/Ryan/Documents/GitHub/ImaginaryFriendDemo/ImaginaryFriendDemo/Saved/Config/Windows/Engine.ini', in section '[/Script/Engine.RendererSettings]'
[2015.05.26-22.15.48:284][  0]LogInit: Selected Device Profile: [Windows]
[2015.05.26-22.15.48:284][  0]LogInit: Applying CVar settings loaded from the selected device profile: [Windows]
[2015.05.26-22.15.48:292][  0]LogInit: Computer: KAPSAR
[2015.05.26-22.15.48:292][  0]LogInit: User: Ryan
[2015.05.26-22.15.48:292][  0]LogInit: CPU Page size=4096, Cores=6
[2015.05.26-22.15.48:292][  0]LogInit: High frequency timer resolution =3.222636 MHz
[2015.05.26-22.15.48:292][  0]LogMemory: Memory total: Physical=15.8GB (16GB approx) Virtual=131072.0GB
[2015.05.26-22.15.48:293][  0]LogMemory: Platform Memory Stats for Windows
[2015.05.26-22.15.48:293][  0]LogMemory: Process Physical Memory: 47.95 MB used, 47.95 MB peak
[2015.05.26-22.15.48:293][  0]LogMemory: Process Virtual Memory: 24.66 MB used, 26.98 MB peak
[2015.05.26-22.15.48:293][  0]LogMemory: Physical Memory: 4215.94 MB used, 16211.64 MB total
[2015.05.26-22.15.48:293][  0]LogMemory: Virtual Memory: 288.47 MB used, 134217728.00 MB total
[2015.05.26-22.15.48:312][  0]LogD3D11RHI: Found D3D11 adapter 0: NVIDIA GeForce GTX 780 (Feature Level 11_0)
[2015.05.26-22.15.48:312][  0]LogD3D11RHI: Adapter has 2984MB of dedicated video memory, 0MB of dedicated system memory, and 8105MB of shared system memory, 2 output[s]
[2015.05.26-22.15.48:313][  0]LogD3D11RHI: Found D3D11 adapter 1: Microsoft Basic Render Driver (Feature Level 11_0)
[2015.05.26-22.15.48:313][  0]LogD3D11RHI: Adapter has 0MB of dedicated video memory, 0MB of dedicated system memory, and 256MB of shared system memory, 0 output[s]
[2015.05.26-22.15.48:313][  0]LogD3D11RHI: Chosen D3D11 Adapter Id = 0
[2015.05.26-22.15.48:316][  0]LogRHI: Texture pool is 1361 MB (70% of 1945 MB)
[2015.05.26-22.15.48:325][  0]LogD3D11RHI: Async texture creation enabled
[2015.05.26-22.15.48:386][  0]LogTextLocalizationManager: The requested culture ('en_US') has no localization data; parent culture's ('en') localization data will be used.
[2015.05.26-22.15.48:438][  0]LogTextLocalizationManager:Warning: Loading localization resources contain conflicting entries for (Namespace:UICommands, Key:Save_ToolTip):
Resource: (C:/Program Files/Epic Games/4.7/Engine/Content/Localization/Editor/en/Editor.locres) Hash: (-29098895) String: (Saves the current level to disk)
Resource: (C:/Program Files/Epic Games/4.7/Engine/Content/Localization/Engine/en/Engine.locres) Hash: (-1280300587) String: (Save selected data to vlog file)
[2015.05.26-22.15.48:438][  0]LogTextLocalizationManager:Warning: Loading localization resources contain conflicting entries for (Namespace:ContentBrowser, Key:ImportAssetToolTip):
Resource: (C:/Program Files/Epic Games/4.7/Engine/Content/Localization/Editor/en/Editor.locres) Hash: (-630476809) String: (Import to {0}...)
Resource: (C:/Program Files/Epic Games/4.7/Engine/Content/Localization/Editor/en/Editor.locres) Hash: (1271782899) String: (Imports an asset from file to this folder.)
[2015.05.26-22.15.48:512][  0]LogContentStreaming: Texture pool size is 0.000000MB
[2015.05.26-22.15.50:607][  0]LogTargetPlatformManager:Display: Building Assets For Windows
[2015.05.26-22.15.51:128][  0]LogTargetPlatformManager:Display: Building Assets For Windows
[2015.05.26-22.15.51:188][  0]LogDerivedDataCache:Display: Max Cache Size: 512 MB
[2015.05.26-22.15.51:225][  0]LogDerivedDataCache: Loaded boot cache 0.04s 39MB C:/Users/Ryan/AppData/Local/UnrealEngine/4.7/DerivedDataCache/Boot.ddc.
[2015.05.26-22.15.51:232][  0]LogDerivedDataCache:Display: Loaded Boot cache: C:/Users/Ryan/AppData/Local/UnrealEngine/4.7/DerivedDataCache/Boot.ddc
[2015.05.26-22.15.51:232][  0]LogDerivedDataCache: FDerivedDataBackendGraph:  Pak pak cache file ../../../../../../Users/Ryan/Documents/GitHub/ImaginaryFriendDemo/ImaginaryFriendDemo/DerivedDataCache/DDC.ddp not found, will not use a pak cache.
[2015.05.26-22.15.51:232][  0]LogDerivedDataCache: Unable to find inner node Pak for hierarchical cache Hierarchy.
[2015.05.26-22.15.51:336][  0]LogDerivedDataCache:Display: Pak cache opened for reading ../../../Engine/DerivedDataCache/Compressed.ddp.
[2015.05.26-22.15.51:349][  0]LogDerivedDataCache: Using Local data cache path C:/Users/Ryan/AppData/Local/UnrealEngine/Common/DerivedDataCache: Writable
[2015.05.26-22.15.51:586][  0]LogMeshUtilities: No automatic mesh reduction module available
[2015.05.26-22.15.51:586][  0]LogMeshUtilities: No automatic mesh merging module available
[2015.05.26-22.15.51:962][  0]LogInit: WinSock: version 1.1 (2.2), MaxSocks=32767, MaxUdp=65467
[2015.05.26-22.15.52:026][  0]LogSlate:Warning: Failed to load font data from '../../../Engine/Content/Slate/Fonts/Roboto-Italic.ttf'
[2015.05.26-22.15.52:719][  0]UdpMessaging: Initializing bridge on interface 0.0.0.0:0 to multicast group 230.0.0.1:6666.
[2015.05.26-22.15.52:909][  0]SourceControl: Info Source control is disabled
[2015.05.26-22.15.52:909][  0]SourceControl: Info Source control is disabled
[2015.05.26-22.15.52:909][  0]SourceControl: Info Source control is disabled
[2015.05.26-22.15.52:909][  0]LogSourceControl: RunCommandInternalRaw: 'git version'
[2015.05.26-22.15.52:909][  0]LogSourceControl: RunCommandInternalRaw: ExecProcess ReturnCode=2 OutResults=''
[2015.05.26-22.15.52:916][  0]SourceControl: Info Source control is disabled
[2015.05.26-22.15.53:080][  0]LogObj: 24232 objects as part of root set at end of initial load.
[2015.05.26-22.15.53:080][  0]LogUObjectAllocator: 5137176 out of 0 bytes used by permanent object pool.
[2015.05.26-22.15.53:169][  0]LogEngine: Initializing Engine...
[2015.05.26-22.15.55:350][  0]LogInit: XAudio2 using 'Speakers (Realtek High Definition Audio)' : 2 channels at 48 kHz using 32 bits per sample (channel mask 0x3)
[2015.05.26-22.15.55:360][  0]LogInit: FAudioDevice initialized.
[2015.05.26-22.15.55:392][  0]LogAIModule: Creating AISystem for world NewWorld
[2015.05.26-22.15.55:412][  0]LogDerivedDataCache: Saved boot cache 0.02s 39MB C:/Users/Ryan/AppData/Local/UnrealEngine/4.7/DerivedDataCache/Boot.ddc.
[2015.05.26-22.15.55:417][  0]LogInit: Texture streaming: Enabled
[2015.05.26-22.15.55:496][  0]LogAnalytics: Creating configured Analytics provider AnalyticsET
[2015.05.26-22.15.55:496][  0]LogAnalytics: ET APIKey = Rocket.Release. APIServer = http://et2.epicgames.com/ET2/. AppVersion = 4.7.6-2513093+++depot+UE4-Releases+4.7
[2015.05.26-22.15.55:496][  0]LogAnalytics: ET APIKey = Rocket.Release. DataRouterUploadURL = https://datarouter-public-service-gamedev.ol.epicgames.net/datarouter/api/v1/public/data. AppVersion = 4.7.6-2513093+++depot+UE4-Releases+4.7
[2015.05.26-22.15.55:496][  0]LogAnalytics: SetUserId 14300970434819e2697031921c0fc781|221d59852a324c649b2859fb4c87cd30|36051f9f-f958-49fb-9e26-fa6841c7f0c5
[2015.05.26-22.15.55:496][  0]LogAnalytics: AnalyticsET::StartSession [Rocket.Release]
[2015.05.26-22.15.55:515][  0]LogInit: Transaction tracking system initialized
[2015.05.26-22.15.55:659][  0]BlueprintLog: New page: Editor Load
[2015.05.26-22.15.55:690][  0]LogAssetRegistry: FAssetRegistry took 0.0107 seconds to start up
[2015.05.26-22.15.55:690][  0]LogDirectoryWatcher:Warning: Failed to begin reading directory changes for ../../../Engine/Plugins/Experimental/CharacterAI/Content/. Error: 0
[2015.05.26-22.15.56:239][  0]LogTargetPlatformManager:Display: Building Assets For Windows
[2015.05.26-22.15.56:602][  0]LogTargetPlatformManager:Display: Building Assets For Windows
[2015.05.26-22.15.56:881][  0]LogSlate:Warning: Failed to load font data from '../../../Engine/Content/Editor/Slate/Fonts/Roboto-Regular.ttf'
[2015.05.26-22.15.56:881][  0]LogSlate:Warning: Failed to load font data from '../../../Engine/Content/Editor/Slate/Fonts/Roboto-Bold.ttf'
[2015.05.26-22.15.56:885][  0]LogConsoleResponse:Display: 
[2015.05.26-22.15.57:009][  0]LogCook:Display: Done creating registry. It took  0.00s.
[2015.05.26-22.15.57:130][  0]SourceControl: Info Source control is disabled
[2015.05.26-22.15.57:130][  0]Cmd: MAP LOAD FILE="../../../../../../Users/Ryan/Documents/GitHub/ImaginaryFriendDemo/ImaginaryFriendDemo/Content/ThirdPersonBP/Maps/ThirdPersonExampleMap.umap" TEMPLATE=0 SHOWPROGRESS=1 FEATURELEVEL=3
[2015.05.26-22.15.57:136][  0]LightingResults: New page: Lighting Build
[2015.05.26-22.15.57:146][  0]MapCheck: New page: Map Check
[2015.05.26-22.15.57:146][  0]LightingResults: New page: Lighting Build
[2015.05.26-22.15.57:159][  0]LogParticles: Destroying 0 GPU particle simulations for FXSystem 0x000000191BE38680
[2015.05.26-22.16.02:848][  0]LogLinker:Warning: Asset '../../../Engine/Content/EngineMeshes/Humanoid.uasset' has been saved with empty engine version. The asset will be loaded but may be incompatible.
[2015.05.26-22.16.04:409][  0]LogAnimation:Warning: UAnimMontage::PostLoad: The actual sequence length for montage AM_Player_Death does not match the length stored in the asset, please resave the montage asset.
[2015.05.26-22.16.04:411][  0]LogAnimation:Warning: UAnimMontage::PostLoad: The actual sequence length for montage AM_Player_Sprint_Attack does not match the length stored in the asset, please resave the montage asset.
[2015.05.26-22.16.04:627][  0]LogSkinnedMeshComp:Warning: GetSocketByName(): No SkeletalMesh for CharacterMesh0
[2015.05.26-22.16.04:627][  0]LogSkinnedMeshComp:Warning: GetSocketByName(): No SkeletalMesh for CharacterMesh0
[2015.05.26-22.16.04:628][  0]LogSkinnedMeshComp:Warning: GetSocketByName(): No SkeletalMesh for CharacterMesh0
[2015.05.26-22.16.04:628][  0]LogSkinnedMeshComp:Warning: GetSocketByName(): No SkeletalMesh for CharacterMesh0
[2015.05.26-22.16.04:628][  0]LogSkinnedMeshComp:Warning: GetSocketByName(): No SkeletalMesh for CharacterMesh0
[2015.05.26-22.16.04:628][  0]LogSkinnedMeshComp:Warning: GetSocketByName(): No SkeletalMesh for CharacterMesh0
[2015.05.26-22.16.04:628][  0]LogSkinnedMeshComp:Warning: GetSocketByName(): No SkeletalMesh for CharacterMesh0
[2015.05.26-22.16.04:628][  0]LogSkinnedMeshComp:Warning: GetSocketByName(): No SkeletalMesh for CharacterMesh0
[2015.05.26-22.16.04:630][  0]LogSkinnedMeshComp:Warning: GetSocketByName(): No SkeletalMesh for CharacterMesh0
[2015.05.26-22.16.04:630][  0]LogSkinnedMeshComp:Warning: GetSocketByName(): No SkeletalMesh for CharacterMesh0
[2015.05.26-22.16.04:631][  0]LogSkinnedMeshComp:Warning: GetSocketByName(): No SkeletalMesh for CharacterMesh0
[2015.05.26-22.16.04:631][  0]LogSkinnedMeshComp:Warning: GetSocketByName(): No SkeletalMesh for CharacterMesh0
[2015.05.26-22.16.04:631][  0]LogSkinnedMeshComp:Warning: GetSocketByName(): No SkeletalMesh for CharacterMesh0
[2015.05.26-22.16.04:631][  0]LogSkinnedMeshComp:Warning: GetSocketByName(): No SkeletalMesh for CharacterMesh0
[2015.05.26-22.16.04:631][  0]LogSkinnedMeshComp:Warning: GetSocketByName(): No SkeletalMesh for CharacterMesh0
[2015.05.26-22.16.04:631][  0]LogSkinnedMeshComp:Warning: GetSocketByName(): No SkeletalMesh for CharacterMesh0
[2015.05.26-22.16.04:632][  0]LogSkinnedMeshComp:Warning: GetSocketByName(): No SkeletalMesh for CharacterMesh0
[2015.05.26-22.16.04:632][  0]LogSkinnedMeshComp:Warning: GetSocketByName(): No SkeletalMesh for CharacterMesh0
[2015.05.26-22.16.04:633][  0]LogSkinnedMeshComp:Warning: GetSocketByName(): No SkeletalMesh for CharacterMesh0
[2015.05.26-22.16.04:633][  0]LogSkinnedMeshComp:Warning: GetSocketByName(): No SkeletalMesh for CharacterMesh0
[2015.05.26-22.16.04:633][  0]LogSkinnedMeshComp:Warning: GetSocketByName(): No SkeletalMesh for CharacterMesh0
[2015.05.26-22.16.04:633][  0]LogSkinnedMeshComp:Warning: GetSocketByName(): No SkeletalMesh for CharacterMesh0
[2015.05.26-22.16.04:633][  0]LogSkinnedMeshComp:Warning: GetSocketByName(): No SkeletalMesh for CharacterMesh0
[2015.05.26-22.16.04:633][  0]LogSkinnedMeshComp:Warning: GetSocketByName(): No SkeletalMesh for CharacterMesh0
[2015.05.26-22.16.04:634][  0]LogSkinnedMeshComp:Warning: GetSocketByName(): No SkeletalMesh for CharacterMesh0
[2015.05.26-22.16.04:634][  0]LogSkinnedMeshComp:Warning: GetSocketByName(): No SkeletalMesh for CharacterMesh0
[2015.05.26-22.16.04:635][  0]LogSkinnedMeshComp:Warning: GetSocketByName(): No SkeletalMesh for CharacterMesh0
[2015.05.26-22.16.04:635][  0]LogSkinnedMeshComp:Warning: GetSocketByName(): No SkeletalMesh for CharacterMesh0
[2015.05.26-22.16.04:635][  0]LogSkinnedMeshComp:Warning: GetSocketByName(): No SkeletalMesh for CharacterMesh0
[2015.05.26-22.16.04:635][  0]LogSkinnedMeshComp:Warning: GetSocketByName(): No SkeletalMesh for CharacterMesh0
[2015.05.26-22.16.04:635][  0]LogSkinnedMeshComp:Warning: GetSocketByName(): No SkeletalMesh for CharacterMesh0
[2015.05.26-22.16.04:635][  0]LogSkinnedMeshComp:Warning: GetSocketByName(): No SkeletalMesh for CharacterMesh0
[2015.05.26-22.16.04:636][  0]LogSkinnedMeshComp:Warning: GetSocketByName(): No SkeletalMesh for CharacterMesh0
[2015.05.26-22.16.04:636][  0]LogSkinnedMeshComp:Warning: GetSocketByName(): No SkeletalMesh for CharacterMesh0
[2015.05.26-22.16.04:636][  0]LogSkinnedMeshComp:Warning: GetSocketByName(): No SkeletalMesh for CharacterMesh0
[2015.05.26-22.16.04:636][  0]LogSkinnedMeshComp:Warning: GetSocketByName(): No SkeletalMesh for CharacterMesh0
[2015.05.26-22.16.04:636][  0]LogSkinnedMeshComp:Warning: GetSocketByName(): No SkeletalMesh for CharacterMesh0
[2015.05.26-22.16.04:636][  0]LogSkinnedMeshComp:Warning: GetSocketByName(): No SkeletalMesh for CharacterMesh0
[2015.05.26-22.16.04:637][  0]LogSkinnedMeshComp:Warning: GetSocketByName(): No SkeletalMesh for CharacterMesh0
[2015.05.26-22.16.04:637][  0]LogSkinnedMeshComp:Warning: GetSocketByName(): No SkeletalMesh for CharacterMesh0
[2015.05.26-22.16.04:638][  0]LogSkinnedMeshComp:Warning: GetSocketByName(): No SkeletalMesh for CharacterMesh0
[2015.05.26-22.16.04:638][  0]LogSkinnedMeshComp:Warning: GetSocketByName(): No SkeletalMesh for CharacterMesh0
[2015.05.26-22.16.04:638][  0]LogSkinnedMeshComp:Warning: GetSocketByName(): No SkeletalMesh for CharacterMesh0
[2015.05.26-22.16.04:638][  0]LogSkinnedMeshComp:Warning: GetSocketByName(): No SkeletalMesh for CharacterMesh0
[2015.05.26-22.16.04:638][  0]LogSkinnedMeshComp:Warning: GetSocketByName(): No SkeletalMesh for CharacterMesh0
[2015.05.26-22.16.04:638][  0]LogSkinnedMeshComp:Warning: GetSocketByName(): No SkeletalMesh for CharacterMesh0
[2015.05.26-22.16.04:638][  0]LogSkinnedMeshComp:Warning: GetSocketByName(): No SkeletalMesh for CharacterMesh0
[2015.05.26-22.16.04:638][  0]LogSkinnedMeshComp:Warning: GetSocketByName(): No SkeletalMesh for CharacterMesh0
[2015.05.26-22.16.04:640][  0]LogSkinnedMeshComp:Warning: GetSocketByName(): No SkeletalMesh for CharacterMesh0
[2015.05.26-22.16.04:640][  0]LogSkinnedMeshComp:Warning: GetSocketByName(): No SkeletalMesh for CharacterMesh0
[2015.05.26-22.16.04:640][  0]LogSkinnedMeshComp:Warning: GetSocketByName(): No SkeletalMesh for CharacterMesh0
[2015.05.26-22.16.04:640][  0]LogSkinnedMeshComp:Warning: GetSocketByName(): No SkeletalMesh for CharacterMesh0
[2015.05.26-22.16.04:640][  0]LogSkinnedMeshComp:Warning: GetSocketByName(): No SkeletalMesh for CharacterMesh0
[2015.05.26-22.16.04:640][  0]LogSkinnedMeshComp:Warning: GetSocketByName(): No SkeletalMesh for CharacterMesh0
[2015.05.26-22.16.04:640][  0]LogSkinnedMeshComp:Warning: GetSocketByName(): No SkeletalMesh for CharacterMesh0
[2015.05.26-22.16.04:640][  0]LogSkinnedMeshComp:Warning: GetSocketByName(): No SkeletalMesh for CharacterMesh0
[2015.05.26-22.16.04:641][  0]LogSkinnedMeshComp:Warning: GetSocketByName(): No SkeletalMesh for CharacterMesh0
[2015.05.26-22.16.04:641][  0]LogSkinnedMeshComp:Warning: GetSocketByName(): No SkeletalMesh for CharacterMesh0
[2015.05.26-22.16.04:641][  0]LogSkinnedMeshComp:Warning: GetSocketByName(): No SkeletalMesh for CharacterMesh0
[2015.05.26-22.16.04:641][  0]LogSkinnedMeshComp:Warning: GetSocketByName(): No SkeletalMesh for CharacterMesh0
[2015.05.26-22.16.04:642][  0]LogSkinnedMeshComp:Warning: GetSocketByName(): No SkeletalMesh for CharacterMesh0
[2015.05.26-22.16.04:642][  0]LogSkinnedMeshComp:Warning: GetSocketByName(): No SkeletalMesh for CharacterMesh0
[2015.05.26-22.16.04:642][  0]LogSkinnedMeshComp:Warning: GetSocketByName(): No SkeletalMesh for CharacterMesh0
[2015.05.26-22.16.04:642][  0]LogSkinnedMeshComp:Warning: GetSocketByName(): No SkeletalMesh for CharacterMesh0
[2015.05.26-22.16.04:643][  0]LogSkinnedMeshComp:Warning: GetSocketByName(): No SkeletalMesh for CharacterMesh0
[2015.05.26-22.16.04:643][  0]LogSkinnedMeshComp:Warning: GetSocketByName(): No SkeletalMesh for CharacterMesh0
[2015.05.26-22.16.04:643][  0]LogSkinnedMeshComp:Warning: GetSocketByName(): No SkeletalMesh for CharacterMesh0
[2015.05.26-22.16.04:643][  0]LogSkinnedMeshComp:Warning: GetSocketByName(): No SkeletalMesh for CharacterMesh0
[2015.05.26-22.16.04:643][  0]LogSkinnedMeshComp:Warning: GetSocketByName(): No SkeletalMesh for CharacterMesh0
[2015.05.26-22.16.04:643][  0]LogSkinnedMeshComp:Warning: GetSocketByName(): No SkeletalMesh for CharacterMesh0
[2015.05.26-22.16.04:643][  0]LogSkinnedMeshComp:Warning: GetSocketByName(): No SkeletalMesh for CharacterMesh0
[2015.05.26-22.16.04:643][  0]LogSkinnedMeshComp:Warning: GetSocketByName(): No SkeletalMesh for CharacterMesh0
[2015.05.26-22.16.04:645][  0]LogSkinnedMeshComp:Warning: GetSocketByName(): No SkeletalMesh for CharacterMesh0
[2015.05.26-22.16.04:645][  0]LogSkinnedMeshComp:Warning: GetSocketByName(): No SkeletalMesh for CharacterMesh0
[2015.05.26-22.16.04:645][  0]LogSkinnedMeshComp:Warning: GetSocketByName(): No SkeletalMesh for CharacterMesh0
[2015.05.26-22.16.04:645][  0]LogSkinnedMeshComp:Warning: GetSocketByName(): No SkeletalMesh for CharacterMesh0
[2015.05.26-22.16.04:645][  0]LogSkinnedMeshComp:Warning: GetSocketByName(): No SkeletalMesh for CharacterMesh0
[2015.05.26-22.16.04:645][  0]LogSkinnedMeshComp:Warning: GetSocketByName(): No SkeletalMesh for CharacterMesh0
[2015.05.26-22.16.04:645][  0]LogSkinnedMeshComp:Warning: GetSocketByName(): No SkeletalMesh for CharacterMesh0
[2015.05.26-22.16.04:646][  0]LogSkinnedMeshComp:Warning: GetSocketByName(): No SkeletalMesh for CharacterMesh0
[2015.05.26-22.16.04:646][  0]LogPrimitiveComponent:Warning: CreateDynamicMaterialInstance on /Game/ThirdPersonBP/Maps/ThirdPersonExampleMap.ThirdPersonExampleMap:PersistentLevel.BP_Player_Character_Pawn_Enemy_C_1.CharacterMesh0: Material index 0 is invalid.
[2015.05.26-22.16.04:646][  0]LogSkinnedMeshComp:Warning: GetSocketByName(): No SkeletalMesh for CharacterMesh0
[2015.05.26-22.16.04:646][  0]LogSkinnedMeshComp:Warning: GetSocketByName(): No SkeletalMesh for CharacterMesh0
[2015.05.26-22.16.04:646][  0]LogSkinnedMeshComp:Warning: GetSocketByName(): No SkeletalMesh for CharacterMesh0
[2015.05.26-22.16.04:647][  0]LogSkinnedMeshComp:Warning: GetSocketByName(): No SkeletalMesh for CharacterMesh0
[2015.05.26-22.16.04:647][  0]LogSkinnedMeshComp:Warning: GetSocketByName(): No SkeletalMesh for CharacterMesh0
[2015.05.26-22.16.04:647][  0]LogSkinnedMeshComp:Warning: GetSocketByName(): No SkeletalMesh for CharacterMesh0
[2015.05.26-22.16.04:647][  0]LogSkinnedMeshComp:Warning: GetSocketByName(): No SkeletalMesh for CharacterMesh0
[2015.05.26-22.16.04:647][  0]LogSkinnedMeshComp:Warning: GetSocketByName(): No SkeletalMesh for CharacterMesh0
[2015.05.26-22.16.04:647][  0]LogPrimitiveComponent:Warning: CreateDynamicMaterialInstance on /Game/ThirdPersonBP/Maps/ThirdPersonExampleMap.ThirdPersonExampleMap:PersistentLevel.BP_Player_Character_Pawn_Enemy_C_2.CharacterMesh0: Material index 0 is invalid.
[2015.05.26-22.16.04:648][  0]LogSkinnedMeshComp:Warning: GetSocketByName(): No SkeletalMesh for CharacterMesh0
[2015.05.26-22.16.04:648][  0]LogSkinnedMeshComp:Warning: GetSocketByName(): No SkeletalMesh for CharacterMesh0
[2015.05.26-22.16.04:648][  0]LogSkinnedMeshComp:Warning: GetSocketByName(): No SkeletalMesh for CharacterMesh0
[2015.05.26-22.16.04:648][  0]LogSkinnedMeshComp:Warning: GetSocketByName(): No SkeletalMesh for CharacterMesh0
[2015.05.26-22.16.04:648][  0]LogSkinnedMeshComp:Warning: GetSocketByName(): No SkeletalMesh for CharacterMesh0
[2015.05.26-22.16.04:648][  0]LogSkinnedMeshComp:Warning: GetSocketByName(): No SkeletalMesh for CharacterMesh0
[2015.05.26-22.16.04:648][  0]LogSkinnedMeshComp:Warning: GetSocketByName(): No SkeletalMesh for CharacterMesh0
[2015.05.26-22.16.04:648][  0]LogSkinnedMeshComp:Warning: GetSocketByName(): No SkeletalMesh for CharacterMesh0
[2015.05.26-22.16.04:649][  0]LogPrimitiveComponent:Warning: CreateDynamicMaterialInstance on /Game/ThirdPersonBP/Maps/ThirdPersonExampleMap.ThirdPersonExampleMap:PersistentLevel.BP_Player_Character_Pawn_Enemy_C_3.CharacterMesh0: Material index 0 is invalid.
[2015.05.26-22.16.04:649][  0]LogSkinnedMeshComp:Warning: GetSocketByName(): No SkeletalMesh for CharacterMesh0
[2015.05.26-22.16.04:649][  0]LogSkinnedMeshComp:Warning: GetSocketByName(): No SkeletalMesh for CharacterMesh0
[2015.05.26-22.16.04:649][  0]LogSkinnedMeshComp:Warning: GetSocketByName(): No SkeletalMesh for CharacterMesh0
[2015.05.26-22.16.04:649][  0]LogSkinnedMeshComp:Warning: GetSocketByName(): No SkeletalMesh for CharacterMesh0
[2015.05.26-22.16.04:649][  0]LogSkinnedMeshComp:Warning: GetSocketByName(): No SkeletalMesh for CharacterMesh0
[2015.05.26-22.16.04:650][  0]LogSkinnedMeshComp:Warning: GetSocketByName(): No SkeletalMesh for CharacterMesh0
[2015.05.26-22.16.04:650][  0]LogSkinnedMeshComp:Warning: GetSocketByName(): No SkeletalMesh for CharacterMesh0
[2015.05.26-22.16.04:650][  0]LogSkinnedMeshComp:Warning: GetSocketByName(): No SkeletalMesh for CharacterMesh0
[2015.05.26-22.16.04:650][  0]LogPrimitiveComponent:Warning: CreateDynamicMaterialInstance on /Game/ThirdPersonBP/Maps/ThirdPersonExampleMap.ThirdPersonExampleMap:PersistentLevel.BP_Player_Character_Pawn_Enemy_C_4.CharacterMesh0: Material index 0 is invalid.
[2015.05.26-22.16.04:650][  0]LogSkinnedMeshComp:Warning: GetSocketByName(): No SkeletalMesh for CharacterMesh0
[2015.05.26-22.16.04:650][  0]LogSkinnedMeshComp:Warning: GetSocketByName(): No SkeletalMesh for CharacterMesh0
[2015.05.26-22.16.04:650][  0]LogSkinnedMeshComp:Warning: GetSocketByName(): No SkeletalMesh for CharacterMesh0
[2015.05.26-22.16.04:651][  0]LogSkinnedMeshComp:Warning: GetSocketByName(): No SkeletalMesh for CharacterMesh0
[2015.05.26-22.16.04:651][  0]LogSkinnedMeshComp:Warning: GetSocketByName(): No SkeletalMesh for CharacterMesh0
[2015.05.26-22.16.04:651][  0]LogSkinnedMeshComp:Warning: GetSocketByName(): No SkeletalMesh for CharacterMesh0
[2015.05.26-22.16.04:651][  0]LogSkinnedMeshComp:Warning: GetSocketByName(): No SkeletalMesh for CharacterMesh0
[2015.05.26-22.16.04:651][  0]LogSkinnedMeshComp:Warning: GetSocketByName(): No SkeletalMesh for CharacterMesh0
[2015.05.26-22.16.04:651][  0]LogPrimitiveComponent:Warning: CreateDynamicMaterialInstance on /Game/ThirdPersonBP/Maps/ThirdPersonExampleMap.ThirdPersonExampleMap:PersistentLevel.BP_Player_Character_Pawn_Enemy_C_5.CharacterMesh0: Material index 0 is invalid.
[2015.05.26-22.16.04:652][  0]LogSkinnedMeshComp:Warning: GetSocketByName(): No SkeletalMesh for CharacterMesh0
[2015.05.26-22.16.04:652][  0]LogSkinnedMeshComp:Warning: GetSocketByName(): No SkeletalMesh for CharacterMesh0
[2015.05.26-22.16.04:652][  0]LogSkinnedMeshComp:Warning: GetSocketByName(): No SkeletalMesh for CharacterMesh0
[2015.05.26-22.16.04:652][  0]LogSkinnedMeshComp:Warning: GetSocketByName(): No SkeletalMesh for CharacterMesh0
[2015.05.26-22.16.04:652][  0]LogSkinnedMeshComp:Warning: GetSocketByName(): No SkeletalMesh for CharacterMesh0
[2015.05.26-22.16.04:652][  0]LogSkinnedMeshComp:Warning: GetSocketByName(): No SkeletalMesh for CharacterMesh0
[2015.05.26-22.16.04:652][  0]LogSkinnedMeshComp:Warning: GetSocketByName(): No SkeletalMesh for CharacterMesh0
[2015.05.26-22.16.04:652][  0]LogSkinnedMeshComp:Warning: GetSocketByName(): No SkeletalMesh for CharacterMesh0
[2015.05.26-22.16.04:653][  0]LogPrimitiveComponent:Warning: CreateDynamicMaterialInstance on /Game/ThirdPersonBP/Maps/ThirdPersonExampleMap.ThirdPersonExampleMap:PersistentLevel.BP_Player_Character_Pawn_Enemy_C_6.CharacterMesh0: Material index 0 is invalid.
[2015.05.26-22.16.04:653][  0]LogSkinnedMeshComp:Warning: GetSocketByName(): No SkeletalMesh for CharacterMesh0
[2015.05.26-22.16.04:653][  0]LogSkinnedMeshComp:Warning: GetSocketByName(): No SkeletalMesh for CharacterMesh0
[2015.05.26-22.16.04:653][  0]LogSkinnedMeshComp:Warning: GetSocketByName(): No SkeletalMesh for CharacterMesh0
[2015.05.26-22.16.04:653][  0]LogSkinnedMeshComp:Warning: GetSocketByName(): No SkeletalMesh for CharacterMesh0
[2015.05.26-22.16.04:654][  0]LogSkinnedMeshComp:Warning: GetSocketByName(): No SkeletalMesh for CharacterMesh0
[2015.05.26-22.16.04:654][  0]LogSkinnedMeshComp:Warning: GetSocketByName(): No SkeletalMesh for CharacterMesh0
[2015.05.26-22.16.04:654][  0]LogSkinnedMeshComp:Warning: GetSocketByName(): No SkeletalMesh for CharacterMesh0
[2015.05.26-22.16.04:654][  0]LogSkinnedMeshComp:Warning: GetSocketByName(): No SkeletalMesh for CharacterMesh0
[2015.05.26-22.16.04:654][  0]LogPrimitiveComponent:Warning: CreateDynamicMaterialInstance on /Game/ThirdPersonBP/Maps/ThirdPersonExampleMap.ThirdPersonExampleMap:PersistentLevel.BP_Player_Character_Pawn_Enemy_C_7.CharacterMesh0: Material index 0 is invalid.
[2015.05.26-22.16.04:654][  0]LogSkinnedMeshComp:Warning: GetSocketByName(): No SkeletalMesh for CharacterMesh0
[2015.05.26-22.16.04:655][  0]LogSkinnedMeshComp:Warning: GetSocketByName(): No SkeletalMesh for CharacterMesh0
[2015.05.26-22.16.04:655][  0]LogSkinnedMeshComp:Warning: GetSocketByName(): No SkeletalMesh for CharacterMesh0
[2015.05.26-22.16.04:655][  0]LogSkinnedMeshComp:Warning: GetSocketByName(): No SkeletalMesh for CharacterMesh0
[2015.05.26-22.16.04:655][  0]LogSkinnedMeshComp:Warning: GetSocketByName(): No SkeletalMesh for CharacterMesh0
[2015.05.26-22.16.04:655][  0]LogSkinnedMeshComp:Warning: GetSocketByName(): No SkeletalMesh for CharacterMesh0
[2015.05.26-22.16.04:655][  0]LogSkinnedMeshComp:Warning: GetSocketByName(): No SkeletalMesh for CharacterMesh0
[2015.05.26-22.16.04:655][  0]LogSkinnedMeshComp:Warning: GetSocketByName(): No SkeletalMesh for CharacterMesh0
[2015.05.26-22.16.04:655][  0]LogPrimitiveComponent:Warning: CreateDynamicMaterialInstance on /Game/ThirdPersonBP/Maps/ThirdPersonExampleMap.ThirdPersonExampleMap:PersistentLevel.BP_Player_Character_Pawn_Enemy_C_8.CharacterMesh0: Material index 0 is invalid.
[2015.05.26-22.16.04:656][  0]LogSkinnedMeshComp:Warning: GetSocketByName(): No SkeletalMesh for CharacterMesh0
[2015.05.26-22.16.04:656][  0]LogSkinnedMeshComp:Warning: GetSocketByName(): No SkeletalMesh for CharacterMesh0
[2015.05.26-22.16.04:656][  0]LogSkinnedMeshComp:Warning: GetSocketByName(): No SkeletalMesh for CharacterMesh0
[2015.05.26-22.16.04:656][  0]LogSkinnedMeshComp:Warning: GetSocketByName(): No SkeletalMesh for CharacterMesh0
[2015.05.26-22.16.04:656][  0]LogSkinnedMeshComp:Warning: GetSocketByName(): No SkeletalMesh for CharacterMesh0
[2015.05.26-22.16.04:656][  0]LogSkinnedMeshComp:Warning: GetSocketByName(): No SkeletalMesh for CharacterMesh0
[2015.05.26-22.16.04:656][  0]LogSkinnedMeshComp:Warning: GetSocketByName(): No SkeletalMesh for CharacterMesh0
[2015.05.26-22.16.04:656][  0]LogSkinnedMeshComp:Warning: GetSocketByName(): No SkeletalMesh for CharacterMesh0
[2015.05.26-22.16.04:657][  0]LogPrimitiveComponent:Warning: CreateDynamicMaterialInstance on /Game/ThirdPersonBP/Maps/ThirdPersonExampleMap.ThirdPersonExampleMap:PersistentLevel.BP_Player_Character_Pawn_Enemy_C_9.CharacterMesh0: Material index 0 is invalid.
[2015.05.26-22.16.04:657][  0]LogEditorServer: Finished looking for orphan Actors (0.000 secs)
[2015.05.26-22.16.05:878][  0]LogAIModule: Creating AISystem for world ThirdPersonExampleMap
[2015.05.26-22.16.05:880][  0]Cmd: MAP CHECKDEP
[2015.05.26-22.16.05:880][  0]MapCheck: New page: ThirdPersonExampleMap - May 26, 2015, 8:16:05 AM
[2015.05.26-22.16.06:064][  0]MapCheck: Info Map check complete: 0 Error(s), 0 Warning(s), took 183.831ms to complete.
[2015.05.26-22.16.06:064][  0]LogFileHelpers: Loading map 'ThirdPersonExampleMap' took 8.934
[2015.05.26-22.16.06:281][  0]LogCollectionManager: Loaded 0 collections in 0.001866 seconds
[2015.05.26-22.16.06:292][  0]LogContentBrowser: Native class hierarchy populated in 0.0107 seconds. Added 1696 classes and 261 folders.
[2015.05.26-22.16.06:317][  0]LogContentBrowser:Verbose: The content browser source was changed by the sources view to '/Game'
[2015.05.26-22.16.06:493][  0]LogCrashTracker: Crashtracker disabled due to settings.
[2015.05.26-22.16.06:498][  0]LogSlate:Warning: Failed to load font data from 'Veranda'
[2015.05.26-22.16.06:502][  0]LogUObjectGlobals:Warning: Failed to find object 'Class None.'
[2015.05.26-22.16.06:530][  0]LogLoad: Full Startup: 20.22 seconds (BP compile: 3.37 seconds)
[2015.05.26-22.16.06:760][  0]LogRenderer:Warning: Reallocating scene render targets to support 32x32 (Frame:2).
[2015.05.26-22.16.06:875][  0]LogRenderer:Warning: Reallocating scene render targets to support 1208x560 (Frame:5).
[2015.05.26-22.16.07:266][  5]LogAssetRegistry: Asset discovery search completed in 11.5869 seconds
[2015.05.26-22.16.13:904][544]LogSynthBenchmark:Display: FSynthBenchmark (V0.95):  requested WorkScale=1.00
[2015.05.26-22.16.13:904][544]LogSynthBenchmark:Display: ===============
[2015.05.26-22.16.13:904][544]LogSynthBenchmark:Display: Main Processor:
[2015.05.26-22.16.13:945][544]LogSynthBenchmark:Display:          ... 0.018439 s/Run 'RayIntersect'
[2015.05.26-22.16.13:945][544]LogSynthBenchmark:Display:          ... 0.021698 s/Run 'Fractal'
[2015.05.26-22.16.13:945][544]LogSynthBenchmark:Display: 
[2015.05.26-22.16.13:945][544]LogSynthBenchmark:Display:   CompiledTarget_x_Bits: 64
[2015.05.26-22.16.13:945][544]LogSynthBenchmark:Display:   UE_BUILD_SHIPPING: 0
[2015.05.26-22.16.13:945][544]LogSynthBenchmark:Display:   UE_BUILD_TEST: 0
[2015.05.26-22.16.13:945][544]LogSynthBenchmark:Display:   UE_BUILD_DEBUG: 0
[2015.05.26-22.16.13:945][544]LogSynthBenchmark:Display:   TotalPhysicalGBRam: 16
[2015.05.26-22.16.13:945][544]LogSynthBenchmark:Display:   NumberOfCores (physical): 6
[2015.05.26-22.16.13:945][544]LogSynthBenchmark:Display:   NumberOfCores (logical): 12
[2015.05.26-22.16.13:945][544]LogSynthBenchmark:Display:   CPU Perf Index 0: 138.9
[2015.05.26-22.16.13:945][544]LogSynthBenchmark:Display:   CPU Perf Index 1: 131.8
[2015.05.26-22.16.13:945][544]LogSynthBenchmark:Display:  
[2015.05.26-22.16.13:945][544]LogSynthBenchmark:Display: Graphics:
[2015.05.26-22.16.13:945][544]LogSynthBenchmark:Display:   Adapter Name: 'NVIDIA GeForce GTX 780'
[2015.05.26-22.16.13:945][544]LogSynthBenchmark:Display:   (On Optimus the name might be wrong, memory should be ok)
[2015.05.26-22.16.13:945][544]LogSynthBenchmark:Display:   Vendor Id: 0x10de
[2015.05.26-22.16.13:945][544]LogSynthBenchmark:Display:   GPU Memory: 2985/0/8106 MB
[2015.05.26-22.16.13:945][544]LogSynthBenchmark:Display:   CPUIndex: 138.9
[2015.05.26-22.16.13:945][544]LogSynthBenchmark:Display:   GPUIndex: -1.$
[2015.05.26-22.16.13:945][544]LogSynthBenchmark:Display: 
[2015.05.26-22.16.13:945][544]LogSynthBenchmark:Display:          ... Total Time: 0.040329 sec
[2015.05.26-22.16.25:182][653]LogActorComponent: UnregisterComponent: (/Engine/Transient.ProjectileMovementComponent_0__F50812FA) Not registered. Aborting.
[2015.05.26-22.16.25:264][653]LogParticles: Destroying 0 GPU particle simulations for FXSystem 0x000000192AB553A0
[2015.05.26-22.16.25:301][653]Cmd: MAP LOAD FILE="../../../../../../Users/Ryan/Documents/GitHub/ImaginaryFriendDemo/ImaginaryFriendDemo/Content/Maps/BedRoom.umap" TEMPLATE=0 SHOWPROGRESS=1 FEATURELEVEL=3
[2015.05.26-22.16.25:373][653]LightingResults: New page: Lighting Build
[2015.05.26-22.16.25:466][653]LoadErrors: New page: Loading map: BedRoom.umap
[2015.05.26-22.16.25:473][653]MapCheck: New page: Map Check
[2015.05.26-22.16.25:473][653]LightingResults: New page: Lighting Build
[2015.05.26-22.16.25:497][653]LogParticles: Destroying 0 GPU particle simulations for FXSystem 0x00000019322CE2A0
[2015.05.26-22.16.26:892][653]LogEditorServer: Finished looking for orphan Actors (0.000 secs)
[2015.05.26-22.16.27:070][653]LogAIModule: Creating AISystem for world BedRoom
[2015.05.26-22.16.27:179][653]Cmd: MAP CHECKDEP
[2015.05.26-22.16.27:179][653]MapCheck: New page: BedRoom - May 26, 2015, 8:16:27 AM
[2015.05.26-22.16.27:351][653]MapCheck: Info Map check complete: 0 Error(s), 0 Warning(s), took 171.711ms to complete.
[2015.05.26-22.16.27:351][653]LogFileHelpers: Loading map 'BedRoom' took 2.052
[2015.05.26-22.16.35:495][543]LogEditorViewport: Clicking on Actor (LMB): StaticMeshActor (Pillar_50x503)
[2015.05.26-22.16.59:137][126]LogEditorViewport: Clicking on Actor (LMB): StaticMeshActor (Pillar_50x500)
[2015.05.26-22.17.19:531][238]LogEditorViewport: Clicking on Actor (LMB): SpotLight (SpotLight4)
[2015.05.26-22.18.20:140][809]LogUObjectHash:Warning: Ambiguous search, could be Model /Engine/Transient.World_4:PersistentLevel.Model_7 or Model /Game/Maps/BedRoom.BedRoom:PersistentLevel.BoxBrush5.Model_7
[2015.05.26-22.18.20:140][809]LogUObjectHash:Warning: Ambiguous search, could be Model /Engine/Transient.World_4:PersistentLevel.Model_7 or Model /Game/Maps/BedRoom.BedRoom:PersistentLevel.BoxBrush30.Model_7
[2015.05.26-22.18.20:140][809]LogUObjectHash:Warning: Ambiguous search, could be Model /Engine/Transient.World_4:PersistentLevel.Model_7 or Model /Game/Maps/BedRoom.BedRoom:PersistentLevel.BoxBrush3.Model_7
[2015.05.26-22.18.20:140][809]LogUObjectHash:Warning: Ambiguous search, could be Model /Engine/Transient.World_4:PersistentLevel.Model_7 or Model /Game/Maps/BedRoom.BedRoom:PersistentLevel.BoxBrush29.Model_7
[2015.05.26-22.18.20:140][809]LogUObjectHash:Warning: Ambiguous search, could be Model /Engine/Transient.World_4:PersistentLevel.Model_7 or Model /Game/Maps/BedRoom.BedRoom:PersistentLevel.BoxBrush28.Model_7
[2015.05.26-22.18.20:140][809]LogUObjectHash:Warning: Ambiguous search, could be Model /Engine/Transient.World_4:PersistentLevel.Model_7 or Model /Game/Maps/BedRoom.BedRoom:PersistentLevel.BoxBrush27.Model_7
[2015.05.26-22.18.20:140][809]LogUObjectHash:Warning: Ambiguous search, could be Model /Engine/Transient.World_4:PersistentLevel.Model_7 or Model /Game/Maps/BedRoom.BedRoom:PersistentLevel.BoxBrush25.Model_7
[2015.05.26-22.18.20:140][809]LogUObjectHash:Warning: Ambiguous search, could be Model /Engine/Transient.World_4:PersistentLevel.Model_7 or Model /Game/Maps/BedRoom.BedRoom:PersistentLevel.BoxBrush2.Model_7
[2015.05.26-22.18.20:140][809]LogUObjectHash:Warning: Ambiguous search, could be Model /Engine/Transient.World_4:PersistentLevel.Model_7 or Model /Game/Maps/BedRoom.BedRoom:PersistentLevel.BoxBrush17_6.Model_7
[2015.05.26-22.18.20:140][809]LogUObjectHash:Warning: Ambiguous search, could be Model /Engine/Transient.World_4:PersistentLevel.Model_7 or Model /Game/Maps/BedRoom.BedRoom:PersistentLevel.BoxBrush16.Model_7
[2015.05.26-22.18.20:140][809]LogUObjectHash:Warning: Ambiguous search, could be Model /Engine/Transient.World_4:PersistentLevel.Model_7 or Model /Game/Maps/BedRoom.BedRoom:PersistentLevel.BoxBrush.Model_7
[2015.05.26-22.18.20:140][809]LogProperty:Warning: Illegal TEXT reference to a private object in external package (Model /Engine/Transient.World_4:PersistentLevel.Model_7) from referencer (BrushComponent /Game/Maps/BedRoom.BedRoom:PersistentLevel.BoxBrush30_6.BrushComponent0).  Import failed...
[2015.05.26-22.18.20:140][809]LogProperty:Warning: ObjectProperty /Script/Engine.BrushComponent:Brush: unresolved reference to 'Model'Model_7''
[2015.05.26-22.18.28:759][783]Cmd: TRANSACTION UNDO
[2015.05.26-22.18.28:759][783]LogEditorTransaction: Undo Move Actors
[2015.05.26-22.18.29:450][783]LogActorComponent: ~FComponentReregisterContext: (/Game/Maps/BedRoom.BedRoom:PersistentLevel.BoxBrush15.BrushComponent0) Component already registered.
[2015.05.26-22.18.29:641][783]Cmd: TRANSACTION UNDO
[2015.05.26-22.18.29:641][783]LogEditorTransaction: Undo Select Brush Surface
[2015.05.26-22.18.38:175][738]LogUObjectHash:Warning: Ambiguous search, could be Model /Game/Maps/BedRoom.BedRoom:PersistentLevel.BoxBrush30_6.Model_7 or Model /Engine/Transient.World_4:PersistentLevel.Model_7
[2015.05.26-22.18.38:175][738]LogUObjectHash:Warning: Ambiguous search, could be Model /Game/Maps/BedRoom.BedRoom:PersistentLevel.BoxBrush30_6.Model_7 or Model /Game/Maps/BedRoom.BedRoom:PersistentLevel.BoxBrush5.Model_7
[2015.05.26-22.18.38:176][738]LogUObjectHash:Warning: Ambiguous search, could be Model /Game/Maps/BedRoom.BedRoom:PersistentLevel.BoxBrush30_6.Model_7 or Model /Game/Maps/BedRoom.BedRoom:PersistentLevel.BoxBrush30.Model_7
[2015.05.26-22.18.38:176][738]LogUObjectHash:Warning: Ambiguous search, could be Model /Game/Maps/BedRoom.BedRoom:PersistentLevel.BoxBrush30_6.Model_7 or Model /Game/Maps/BedRoom.BedRoom:PersistentLevel.BoxBrush3.Model_7
[2015.05.26-22.18.38:176][738]LogUObjectHash:Warning: Ambiguous search, could be Model /Game/Maps/BedRoom.BedRoom:PersistentLevel.BoxBrush30_6.Model_7 or Model /Game/Maps/BedRoom.BedRoom:PersistentLevel.BoxBrush29.Model_7
[2015.05.26-22.18.38:176][738]LogUObjectHash:Warning: Ambiguous search, could be Model /Game/Maps/BedRoom.BedRoom:PersistentLevel.BoxBrush30_6.Model_7 or Model /Game/Maps/BedRoom.BedRoom:PersistentLevel.BoxBrush28.Model_7
[2015.05.26-22.18.38:176][738]LogUObjectHash:Warning: Ambiguous search, could be Model /Game/Maps/BedRoom.BedRoom:PersistentLevel.BoxBrush30_6.Model_7 or Model /Game/Maps/BedRoom.BedRoom:PersistentLevel.BoxBrush27.Model_7
[2015.05.26-22.18.38:176][738]LogUObjectHash:Warning: Ambiguous search, could be Model /Game/Maps/BedRoom.BedRoom:PersistentLevel.BoxBrush30_6.Model_7 or Model /Game/Maps/BedRoom.BedRoom:PersistentLevel.BoxBrush25.Model_7
[2015.05.26-22.18.38:176][738]LogUObjectHash:Warning: Ambiguous search, could be Model /Game/Maps/BedRoom.BedRoom:PersistentLevel.BoxBrush30_6.Model_7 or Model /Game/Maps/BedRoom.BedRoom:PersistentLevel.BoxBrush2.Model_7
[2015.05.26-22.18.38:176][738]LogUObjectHash:Warning: Ambiguous search, could be Model /Game/Maps/BedRoom.BedRoom:PersistentLevel.BoxBrush30_6.Model_7 or Model /Game/Maps/BedRoom.BedRoom:PersistentLevel.BoxBrush17_6.Model_7
[2015.05.26-22.18.38:176][738]LogUObjectHash:Warning: Ambiguous search, could be Model /Game/Maps/BedRoom.BedRoom:PersistentLevel.BoxBrush30_6.Model_7 or Model /Game/Maps/BedRoom.BedRoom:PersistentLevel.BoxBrush16.Model_7
[2015.05.26-22.18.38:176][738]LogUObjectHash:Warning: Ambiguous search, could be Model /Game/Maps/BedRoom.BedRoom:PersistentLevel.BoxBrush30_6.Model_7 or Model /Game/Maps/BedRoom.BedRoom:PersistentLevel.BoxBrush.Model_7
[2015.05.26-22.18.54:766][525]Cmd: EDCALLBACK SURFPROPS
[2015.05.26-22.19.42:344][ 59]LogEditorViewport: Clicking on Actor (LMB): Brush (Box Brush40)
[2015.05.26-22.19.42:641][ 89]LogEditorViewport: Clicking on Actor (context menu): Brush (Box Brush40)
[2015.05.26-22.20.36:866][839]LogActorComponent: UnregisterComponent: (/Engine/Transient.ProjectileMovementComponent_0__F50812FA) Not registered. Aborting.
[2015.05.26-22.20.37:402][839]LogSavePackage: Save=483.342194ms
[2015.05.26-22.20.37:402][839]LogSavePackage: Moving '../../../../../../Users/Ryan/Documents/GitHub/ImaginaryFriendDemo/ImaginaryFriendDemo/Saved/BedRoom97726BB147A1A1E74E1FCEBC61260FC1.tmp' to '../../../../../../Users/Ryan/Documents/GitHub/ImaginaryFriendDemo/ImaginaryFriendDemo/Content/Maps/BedRoom.umap'
[2015.05.26-22.20.49:818][ 15]Cmd: QUIT_EDITOR
[2015.05.26-22.20.50:041][ 15]LogExit: Preparing to exit.
[2015.05.26-22.20.51:006][ 15]LogExit: Editor shut down
[2015.05.26-22.20.51:006][ 15]LogExit: Transaction tracking system shut down
[2015.05.26-22.20.51:010][ 15]LogParticles: Destroying 0 GPU particle simulations for FXSystem 0x000000195ABCFD80
[2015.05.26-22.20.51:010][ 15]LogParticles: Destroying 0 GPU particle simulations for FXSystem 0x000000195C877A60
[2015.05.26-22.20.51:010][ 15]LogParticles: Destroying 0 GPU particle simulations for FXSystem 0x000000195C876B60
[2015.05.26-22.20.51:010][ 15]LogParticles: Destroying 0 GPU particle simulations for FXSystem 0x000000192EF4A0C0
[2015.05.26-22.20.51:010][ 15]LogParticles: Destroying 0 GPU particle simulations for FXSystem 0x000000193070FCE0
[2015.05.26-22.20.51:117][ 15]LogExit: Object subsystem successfully closed.
[2015.05.26-22.20.51:163][ 15]LogModuleManager: Shutting down and abandoning module SynthBenchmark (177)
[2015.05.26-22.20.51:163][ 15]LogModuleManager: Shutting down and abandoning module CrashTracker (176)
[2015.05.26-22.20.51:163][ 15]LogModuleManager: Shutting down and abandoning module SuperSearch (175)
[2015.05.26-22.20.51:163][ 15]LogModuleManager: Shutting down and abandoning module EditorWidgets (174)
[2015.05.26-22.20.51:163][ 15]LogModuleManager: Shutting down and abandoning module CollectionManager (173)
[2015.05.26-22.20.51:163][ 15]LogModuleManager: Shutting down and abandoning module StatsViewer (172)
[2015.05.26-22.20.51:163][ 15]LogModuleManager: Shutting down and abandoning module FoliageEdit (171)
[2015.05.26-22.20.51:163][ 15]LogModuleManager: Shutting down and abandoning module LandscapeEditor (170)
[2015.05.26-22.20.51:164][ 15]LogModuleManager: Shutting down and abandoning module MeshPaint (169)
[2015.05.26-22.20.51:164][ 15]LogModuleManager: Shutting down and abandoning module ActorPickerMode (168)
[2015.05.26-22.20.51:164][ 15]LogModuleManager: Shutting down and abandoning module GeometryMode (167)
[2015.05.26-22.20.51:164][ 15]LogModuleManager: Shutting down and abandoning module TextureAlignMode (166)
[2015.05.26-22.20.51:164][ 15]LogModuleManager: Shutting down and abandoning module BspMode (165)
[2015.05.26-22.20.51:164][ 15]LogModuleManager: Shutting down and abandoning module PlacementMode (164)
[2015.05.26-22.20.51:164][ 15]LogModuleManager: Shutting down and abandoning module AutomationWorker (163)
[2015.05.26-22.20.51:164][ 15]LogModuleManager: Shutting down and abandoning module CharacterAI (162)
[2015.05.26-22.20.51:164][ 15]LogModuleManager: Shutting down and abandoning module SmartSnapping (161)
[2015.05.26-22.20.51:164][ 15]LogModuleManager: Shutting down and abandoning module ViewportSnapping (160)
[2015.05.26-22.20.51:164][ 15]LogModuleManager: Shutting down and abandoning module LogVisualizer (159)
[2015.05.26-22.20.51:164][ 15]LogModuleManager: Shutting down and abandoning module GameProjectGeneration (158)
[2015.05.26-22.20.51:164][ 15]LogModuleManager: Shutting down and abandoning module IntroTutorials (157)
[2015.05.26-22.20.51:164][ 15]LogModuleManager: Shutting down and abandoning module EditorLiveStreaming (156)
[2015.05.26-22.20.51:164][ 15]LogModuleManager: Shutting down and abandoning module HardwareTargeting (155)
[2015.05.26-22.20.51:164][ 15]LogModuleManager: Shutting down and abandoning module DeviceProfileEditor (154)
[2015.05.26-22.20.51:164][ 15]LogModuleManager: Shutting down and abandoning module UndoHistory (153)
[2015.05.26-22.20.51:164][ 15]LogModuleManager: Shutting down and abandoning module GameplayTagsEditor (152)
[2015.05.26-22.20.51:164][ 15]LogModuleManager: Shutting down and abandoning module UserFeedback (151)
[2015.05.26-22.20.51:164][ 15]LogModuleManager: Shutting down and abandoning module XmlParser (150)
[2015.05.26-22.20.51:164][ 15]LogModuleManager: Shutting down and abandoning module Blutility (149)
[2015.05.26-22.20.51:164][ 15]LogModuleManager: Shutting down and abandoning module IOSPlatformEditor (148)
[2015.05.26-22.20.51:164][ 15]LogModuleManager: Shutting down and abandoning module IOSRuntimeSettings (147)
[2015.05.26-22.20.51:164][ 15]LogModuleManager: Shutting down and abandoning module AndroidDeviceDetection (146)
[2015.05.26-22.20.51:864][ 15]LogModuleManager: Shutting down and abandoning module AndroidPlatformEditor (145)
[2015.05.26-22.20.51:864][ 15]LogModuleManager: Shutting down and abandoning module AndroidRuntimeSettings (144)
[2015.05.26-22.20.51:864][ 15]LogModuleManager: Shutting down and abandoning module ProjectTargetPlatformEditor (143)
[2015.05.26-22.20.51:864][ 15]LogModuleManager: Shutting down and abandoning module ProjectSettingsViewer (142)
[2015.05.26-22.20.51:864][ 15]LogModuleManager: Shutting down and abandoning module InputBindingEditor (141)
[2015.05.26-22.20.51:865][ 15]LogModuleManager: Shutting down and abandoning module EditorSettingsViewer (140)
[2015.05.26-22.20.51:865][ 15]LogModuleManager: Shutting down and abandoning module SettingsEditor (139)
[2015.05.26-22.20.51:865][ 15]LogModuleManager: Shutting down and abandoning module ProjectLauncher (138)
[2015.05.26-22.20.51:865][ 15]LogModuleManager: Shutting down and abandoning module SessionFrontend (137)
[2015.05.26-22.20.51:865][ 15]LogModuleManager: Shutting down and abandoning module ProfilerClient (136)
[2015.05.26-22.20.51:865][ 15]LogModuleManager: Shutting down and abandoning module TargetDeviceServices (135)
[2015.05.26-22.20.51:865][ 15]LogModuleManager: Shutting down and abandoning module DeviceManager (134)
[2015.05.26-22.20.51:865][ 15]LogModuleManager: Shutting down and abandoning module AutomationController (133)
[2015.05.26-22.20.51:865][ 15]LogModuleManager: Shutting down and abandoning module AutomationWindow (132)
[2015.05.26-22.20.51:865][ 15]LogModuleManager: Shutting down and abandoning module Layers (131)
[2015.05.26-22.20.51:865][ 15]LogModuleManager: Shutting down and abandoning module ComponentVisualizers (130)
[2015.05.26-22.20.51:865][ 15]LogModuleManager: Shutting down and abandoning module DetailCustomizations (129)
[2015.05.26-22.20.51:865][ 15]LogModuleManager: Shutting down and abandoning module PackagesDialog (128)
[2015.05.26-22.20.51:866][ 15]LogModuleManager: Shutting down and abandoning module AssetRegistry (127)
[2015.05.26-22.20.51:921][ 15]LogModuleManager: Shutting down and abandoning module Persona (126)
[2015.05.26-22.20.51:921][ 15]LogModuleManager: Shutting down and abandoning module SlateReflector (125)
[2015.05.26-22.20.51:921][ 15]LogModuleManager: Shutting down and abandoning module LevelEditor (124)
[2015.05.26-22.20.51:923][ 15]LogModuleManager: Shutting down and abandoning module Kismet (123)
[2015.05.26-22.20.51:923][ 15]LogModuleManager: Shutting down and abandoning module GraphEditor (122)
[2015.05.26-22.20.51:923][ 15]LogModuleManager: Shutting down and abandoning module ClassViewer (121)
[2015.05.26-22.20.51:923][ 15]LogModuleManager: Shutting down and abandoning module Toolbox (120)
[2015.05.26-22.20.51:923][ 15]LogModuleManager: Shutting down and abandoning module ModuleUI (119)
[2015.05.26-22.20.51:923][ 15]LogModuleManager: Shutting down and abandoning module MovieSceneTools (118)
[2015.05.26-22.20.51:923][ 15]LogModuleManager: Shutting down and abandoning module OutputLog (117)
[2015.05.26-22.20.51:923][ 15]LogModuleManager: Shutting down and abandoning module GammaUI (116)
[2015.05.26-22.20.51:923][ 15]LogModuleManager: Shutting down and abandoning module Documentation (115)
[2015.05.26-22.20.51:923][ 15]LogModuleManager: Shutting down and abandoning module GameLiveStreaming (114)
[2015.05.26-22.20.51:923][ 15]LogModuleManager: Shutting down and abandoning module StreamingPauseRendering (113)
[2015.05.26-22.20.51:923][ 15]LogModuleManager: Shutting down and abandoning module HTTP (112)
[2015.05.26-22.20.51:924][ 15]LogModuleManager: Shutting down and abandoning module AnalyticsET (111)
[2015.05.26-22.20.51:924][ 15]LogModuleManager: Shutting down and abandoning module Analytics (110)
[2015.05.26-22.20.51:924][ 15]LogModuleManager: Shutting down and abandoning module AITestSuite (109)
[2015.05.26-22.20.51:924][ 15]LogModuleManager: Shutting down and abandoning module GameplayDebugger (108)
[2015.05.26-22.20.51:924][ 15]LogModuleManager: Shutting down and abandoning module AIModule (107)
[2015.05.26-22.20.51:924][ 15]LogModuleManager: Shutting down and abandoning module ProfilerService (106)
[2015.05.26-22.20.51:970][ 15]LogModuleManager: Shutting down and abandoning module TaskGraph (105)
[2015.05.26-22.20.51:970][ 15]LogModuleManager: Shutting down and abandoning module SlateRemote (104)
[2015.05.26-22.20.51:970][ 15]LogModuleManager: Shutting down and abandoning module ScriptEditorPlugin (103)
[2015.05.26-22.20.51:970][ 15]LogModuleManager: Shutting down and abandoning module CustomMeshComponent (102)
[2015.05.26-22.20.51:970][ 15]LogModuleManager: Shutting down and abandoning module CableComponent (101)
[2015.05.26-22.20.51:970][ 15]LogModuleManager: Shutting down and abandoning module MessagingDebugger (100)
[2015.05.26-22.20.51:970][ 15]LogModuleManager: Shutting down and abandoning module MediaPlayerEditor (99)
[2015.05.26-22.20.51:970][ 15]LogModuleManager: Shutting down and abandoning module SpeedTreeImporter (98)
[2015.05.26-22.20.51:970][ 15]LogModuleManager: Shutting down and abandoning module PluginsEditor (97)
[2015.05.26-22.20.51:970][ 15]LogModuleManager: Shutting down and abandoning module MainFrame (96)
[2015.05.26-22.20.51:970][ 15]LogModuleManager: Shutting down and abandoning module EpicSurvey (95)
[2015.05.26-22.20.51:970][ 15]LogModuleManager: Shutting down and abandoning module DesktopPlatform (94)
[2015.05.26-22.20.51:970][ 15]LogModuleManager: Shutting down and abandoning module DirectoryWatcher (93)
[2015.05.26-22.20.51:971][ 15]LogModuleManager: Shutting down and abandoning module HotReload (92)
[2015.05.26-22.20.51:971][ 15]LogModuleManager: Shutting down and abandoning module VisualStudioSourceCodeAccess (91)
[2015.05.26-22.20.51:971][ 15]LogModuleManager: Shutting down and abandoning module UObjectPlugin (90)
[2015.05.26-22.20.51:971][ 15]LogModuleManager: Shutting down and abandoning module SubversionSourceControl (89)
[2015.05.26-22.20.51:971][ 15]LogModuleManager: Shutting down and abandoning module PerforceSourceControl (88)
[2015.05.26-22.20.51:971][ 15]LogModuleManager: Shutting down and abandoning module SourceControl (87)
[2015.05.26-22.20.51:971][ 15]LogModuleManager: Shutting down and abandoning module GitSourceControl (86)
[2015.05.26-22.20.51:971][ 15]LogModuleManager: Shutting down and abandoning module BlankPlugin (85)
[2015.05.26-22.20.51:971][ 15]LogModuleManager: Shutting down and abandoning module PaperTiledImporter (84)
[2015.05.26-22.20.51:971][ 15]LogModuleManager: Shutting down and abandoning module PaperJsonImporter (83)
[2015.05.26-22.20.51:971][ 15]LogModuleManager: Shutting down and abandoning module ContentBrowser (82)
[2015.05.26-22.20.51:973][ 15]LogModuleManager: Shutting down and abandoning module Paper2DEditor (81)
[2015.05.26-22.20.51:973][ 15]LogModuleManager: Shutting down and abandoning module ScriptPlugin (80)
[2015.05.26-22.20.51:973][ 15]LogModuleManager: Shutting down and abandoning module UdpMessaging (79)
[2015.05.26-22.20.52:075][ 15]LogModuleManager: Shutting down and abandoning module Paper2D (78)
[2015.05.26-22.20.52:075][ 15]LogModuleManager: Shutting down and abandoning module WindowsMoviePlayer (77)
[2015.05.26-22.20.52:082][ 15]LogModuleManager: Shutting down and abandoning module Media (76)
[2015.05.26-22.20.52:082][ 15]LogModuleManager: Shutting down and abandoning module WmfMedia (75)
[2015.05.26-22.20.52:083][ 15]LogModuleManager: Shutting down and abandoning module OnlineBlueprintSupport (74)
[2015.05.26-22.20.52:083][ 15]LogModuleManager: Shutting down and abandoning module PropertyEditor (73)
[2015.05.26-22.20.52:083][ 15]LogModuleManager: Shutting down and abandoning module BehaviorTreeEditor (72)
[2015.05.26-22.20.52:083][ 15]LogModuleManager: Shutting down and abandoning module FunctionalTesting (71)
[2015.05.26-22.20.52:083][ 15]LogModuleManager: Shutting down and abandoning module CollisionAnalyzer (70)
[2015.05.26-22.20.52:083][ 15]LogModuleManager: Shutting down and abandoning module WorkspaceMenuStructure (69)
[2015.05.26-22.20.52:083][ 15]LogModuleManager: Shutting down and abandoning module MessageLog (68)
[2015.05.26-22.20.52:083][ 15]LogModuleManager: Shutting down and abandoning module Sequencer (67)
[2015.05.26-22.20.52:083][ 15]LogModuleManager: Shutting down and abandoning module AssetTools (66)
[2015.05.26-22.20.52:083][ 15]LogModuleManager: Shutting down and abandoning module UMGEditor (65)
[2015.05.26-22.20.52:083][ 15]LogModuleManager: Shutting down and abandoning module UMG (64)
[2015.05.26-22.20.52:083][ 15]LogModuleManager: Shutting down and abandoning module Slate (63)
[2015.05.26-22.20.52:083][ 15]LogModuleManager: Shutting down and abandoning module EditorStyle (62)
[2015.05.26-22.20.52:091][ 15]LogModuleManager: Shutting down and abandoning module SessionServices (61)
[2015.05.26-22.20.52:091][ 15]LogModuleManager: Shutting down and abandoning module SourceCodeAccess (60)
[2015.05.26-22.20.52:091][ 15]LogModuleManager: Shutting down and abandoning module HeadMountedDisplay (59)
[2015.05.26-22.20.52:091][ 15]LogModuleManager: Shutting down and abandoning module XAudio2 (58)
[2015.05.26-22.20.52:091][ 15]LogModuleManager: Shutting down and abandoning module Networking (56)
[2015.05.26-22.20.52:091][ 15]LogModuleManager: Shutting down and abandoning module Core (55)
[2015.05.26-22.20.52:091][ 15]LogModuleManager: Shutting down and abandoning module KismetCompiler (54)
[2015.05.26-22.20.52:091][ 15]LogModuleManager: Shutting down and abandoning module PhysXFormats (53)
[2015.05.26-22.20.52:091][ 15]LogModuleManager: Shutting down and abandoning module MeshUtilities (52)
[2015.05.26-22.20.52:091][ 15]LogModuleManager: Shutting down and abandoning module DerivedDataCache (51)
[2015.05.26-22.20.52:106][ 15]LogDerivedDataCache: Shutdown
[2015.05.26-22.20.52:106][ 15]LogModuleManager: Shutting down and abandoning module ShaderFormatOpenGL (50)
[2015.05.26-22.20.52:106][ 15]LogModuleManager: Shutting down and abandoning module ShaderFormatD3D (49)
[2015.05.26-22.20.52:106][ 15]LogModuleManager: Shutting down and abandoning module MetalShaderFormat (48)
[2015.05.26-22.20.52:106][ 15]LogModuleManager: Shutting down and abandoning module TextureFormatUncompressed (47)
[2015.05.26-22.20.52:106][ 15]LogModuleManager: Shutting down and abandoning module TextureFormatPVR (46)
[2015.05.26-22.20.52:106][ 15]LogModuleManager: Shutting down and abandoning module TextureFormatIntelISPCTexComp (45)
[2015.05.26-22.20.52:106][ 15]LogModuleManager: Shutting down and abandoning module TextureFormatDXT (44)
[2015.05.26-22.20.52:106][ 15]LogModuleManager: Shutting down and abandoning module ImageWrapper (43)
[2015.05.26-22.20.52:106][ 15]LogModuleManager: Shutting down and abandoning module TextureFormatASTC (42)
[2015.05.26-22.20.52:106][ 15]LogModuleManager: Shutting down and abandoning module TextureFormatAndroid (41)
[2015.05.26-22.20.52:106][ 15]LogModuleManager: Shutting down and abandoning module AudioFormatOpus (40)
[2015.05.26-22.20.52:106][ 15]LogModuleManager: Shutting down and abandoning module AudioFormatOgg (39)
[2015.05.26-22.20.52:106][ 15]LogModuleManager: Shutting down and abandoning module AudioFormatADPCM (38)
[2015.05.26-22.20.52:106][ 15]LogModuleManager: Shutting down and abandoning module LinuxTargetPlatform (37)
[2015.05.26-22.20.52:106][ 15]LogModuleManager: Shutting down and abandoning module LinuxServerTargetPlatform (36)
[2015.05.26-22.20.52:106][ 15]LogModuleManager: Shutting down and abandoning module LinuxNoEditorTargetPlatform (35)
[2015.05.26-22.20.52:106][ 15]LogModuleManager: Shutting down and abandoning module Messaging (34)
[2015.05.26-22.20.52:106][ 15]LogModuleManager: Shutting down and abandoning module IOSTargetPlatform (33)
[2015.05.26-22.20.52:106][ 15]LogModuleManager: Shutting down and abandoning module HTML5TargetPlatform (32)
[2015.05.26-22.20.52:106][ 15]LogModuleManager: Shutting down and abandoning module Android_PVRTCTargetPlatform (31)
[2015.05.26-22.20.52:106][ 15]LogModuleManager: Shutting down and abandoning module Android_ETC2TargetPlatform (30)
[2015.05.26-22.20.52:106][ 15]LogModuleManager: Shutting down and abandoning module Android_ETC1TargetPlatform (29)
[2015.05.26-22.20.52:106][ 15]LogModuleManager: Shutting down and abandoning module Android_ES31TargetPlatform (28)
[2015.05.26-22.20.52:106][ 15]LogModuleManager: Shutting down and abandoning module Android_DXTTargetPlatform (27)
[2015.05.26-22.20.52:106][ 15]LogModuleManager: Shutting down and abandoning module Android_ATCTargetPlatform (26)
[2015.05.26-22.20.52:106][ 15]LogModuleManager: Shutting down and abandoning module AndroidTargetPlatform (25)
[2015.05.26-22.20.52:106][ 15]LogModuleManager: Shutting down and abandoning module WindowsTargetPlatform (24)
[2015.05.26-22.20.52:106][ 15]LogModuleManager: Shutting down and abandoning module WindowsServerTargetPlatform (23)
[2015.05.26-22.20.52:106][ 15]LogModuleManager: Shutting down and abandoning module WindowsNoEditorTargetPlatform (22)
[2015.05.26-22.20.52:106][ 15]LogModuleManager: Shutting down and abandoning module WindowsClientTargetPlatform (21)
[2015.05.26-22.20.52:106][ 15]LogModuleManager: Shutting down and abandoning module TargetPlatform (20)
[2015.05.26-22.20.52:106][ 15]LogModuleManager: Shutting down and abandoning module InputCore (19)
[2015.05.26-22.20.52:106][ 15]LogModuleManager: Shutting down and abandoning module Settings (18)
[2015.05.26-22.20.52:106][ 15]LogModuleManager: Shutting down and abandoning module OnlineSubsystem (16)
[2015.05.26-22.20.52:106][ 15]LogModuleManager: Shutting down and abandoning module OculusRift (15)
[2015.05.26-22.20.52:106][ 15]LogModuleManager: Shutting down and abandoning module ExampleDeviceProfileSelector (14)
[2015.05.26-22.20.52:106][ 15]LogModuleManager: Shutting down and abandoning module TextureCompressor (13)
[2015.05.26-22.20.52:107][ 15]LogModuleManager: Shutting down and abandoning module ShaderCore (12)
[2015.05.26-22.20.52:107][ 15]LogModuleManager: Shutting down and abandoning module Landscape (11)
[2015.05.26-22.20.52:107][ 15]LogModuleManager: Shutting down and abandoning module SlateRHIRenderer (10)
[2015.05.26-22.20.52:111][ 15]LogModuleManager: Shutting down and abandoning module OpenGLDrv (9)
[2015.05.26-22.20.52:111][ 15]LogModuleManager: Shutting down and abandoning module D3D11RHI (8)
[2015.05.26-22.20.52:111][ 15]LogModuleManager: Shutting down and abandoning module Renderer (7)
[2015.05.26-22.20.52:111][ 15]LogModuleManager: Shutting down and abandoning module Engine (6)
[2015.05.26-22.20.52:111][ 15]LogModuleManager: Shutting down and abandoning module CoreUObject (5)
[2015.05.26-22.20.52:111][ 15]LogModuleManager: Shutting down and abandoning module NetworkFile (4)
[2015.05.26-22.20.52:111][ 15]LogModuleManager: Shutting down and abandoning module StreamingFile (3)
[2015.05.26-22.20.52:111][ 15]LogModuleManager: Shutting down and abandoning module SandboxFile (2)
[2015.05.26-22.20.52:111][ 15]LogModuleManager: Shutting down and abandoning module PakFile (1)
[2015.05.26-22.20.52:112][ 15]LogExit: Exiting.
[2015.05.26-22.20.52:189][ 15]Log file closed, 05/26/15 15:20:52
